!SESSION 2019-02-27 11:57:43.304 -----------------------------------------------
eclipse.buildId=unknown
java.fullversion=8.0.5.0 - pwa6480sr5-20170905_01(SR5)
JRE 1.8.0 IBM J9 2.9 Windows 10 amd64-64 Compressed References 20170901_363591 (JIT enabled, AOT enabled)
J9VM - d56eb84
JIT  - tr.open_20170901_140853_d56eb84
OMR  - b033a01
BootLoader constants: OS=win32, ARCH=x86_64, WS=win32, NL=fr_FR
Command-line arguments:  -clean -nl fr_FR -configuration C:\Users\sever\_severine\travail\ponts\3A\MPRO\PPC\Projet-solveur\PPC\Mini projets\.metadata\workspace_oplrun

!ENTRY ilog.odms.ide.opllang.remote 1 0 2019-02-27 11:57:43.307
!MESSAGE Run Configuration 1 in C:/Users/sever/_severine/travail/ponts/3A/MPRO/PPC/Projet-solveur/PPC/Mini projets/Tournoi echecs

!ENTRY ilog.odms.ide.opllang.remote 4 0 2019-02-27 12:03:04.348
!MESSAGE run failed
!STACK 0
ilog.concert.IloException: Traitement interrompu.
	at ilog.opl.opl_lang_wrapJNI.IloOplErrorHandlerWrapper_superOk(Native Method)
	at ilog.opl.IloOplErrorHandlerWrapper.superOk(IloOplErrorHandlerWrapper.java:86)
	at ilog.opl.IloCustomOplErrorHandler.customOk(IloCustomOplErrorHandler.java:78)
	at ilog.opl.IloCustomOplErrorHandler$MyEH.ok(IloCustomOplErrorHandler.java:35)
	at ilog.opl.opl_lang_wrapJNI.SwigDirector_IloOplErrorHandlerWrapper_ok(opl_lang_wrapJNI.java:1137)
	at ilog.opl.opl_lang_wrapJNI.IloOplModel_solveAlgorithm(Native Method)
	at ilog.opl.IloOplModel.solveAlgorithm(IloOplModel.java:415)
	at ilog.odms.ide.opllang.remote.IloOplRunConfigRunner.doProcessSimpleCP(IloOplRunConfigRunner.java:304)
	at ilog.odms.ide.opllang.remote.IloOplRunConfigRunner.doProcessSimple(IloOplRunConfigRunner.java:179)
	at ilog.odms.ide.opllang.remote.IloOplRunConfigRunner.doProcessModel(IloOplRunConfigRunner.java:163)
	at ilog.odms.ide.opllang.remote.IloOplRunConfigRunner.doRun(IloOplRunConfigRunner.java:377)
	at ilog.odms.ide.opllang.run.IloAbstractRunShell$2.run(IloAbstractRunShell.java:1587)
	at org.eclipse.core.internal.jobs.Worker.run(Worker.java:54)
!SESSION 2019-02-27 12:03:15.126 -----------------------------------------------
eclipse.buildId=unknown
java.fullversion=8.0.5.0 - pwa6480sr5-20170905_01(SR5)
JRE 1.8.0 IBM J9 2.9 Windows 10 amd64-64 Compressed References 20170901_363591 (JIT enabled, AOT enabled)
J9VM - d56eb84
JIT  - tr.open_20170901_140853_d56eb84
OMR  - b033a01
BootLoader constants: OS=win32, ARCH=x86_64, WS=win32, NL=fr_FR
Command-line arguments:  -clean -nl fr_FR -configuration C:\Users\sever\_severine\travail\ponts\3A\MPRO\PPC\Projet-solveur\PPC\Mini projets\.metadata\workspace_oplrun

!ENTRY ilog.odms.ide.opllang.remote 1 0 2019-02-27 12:03:15.127
!MESSAGE Run Configuration 1 in C:/Users/sever/_severine/travail/ponts/3A/MPRO/PPC/Projet-solveur/PPC/Mini projets/Tournoi echecs
!SESSION 2019-02-27 12:03:50.881 -----------------------------------------------
eclipse.buildId=unknown
java.fullversion=8.0.5.0 - pwa6480sr5-20170905_01(SR5)
JRE 1.8.0 IBM J9 2.9 Windows 10 amd64-64 Compressed References 20170901_363591 (JIT enabled, AOT enabled)
J9VM - d56eb84
JIT  - tr.open_20170901_140853_d56eb84
OMR  - b033a01
BootLoader constants: OS=win32, ARCH=x86_64, WS=win32, NL=fr_FR
Command-line arguments:  -clean -nl fr_FR -configuration C:\Users\sever\_severine\travail\ponts\3A\MPRO\PPC\Projet-solveur\PPC\Mini projets\.metadata\workspace_oplrun

!ENTRY ilog.odms.ide.opllang.remote 1 0 2019-02-27 12:03:50.883
!MESSAGE Run Configuration 1 in C:/Users/sever/_severine/travail/ponts/3A/MPRO/PPC/Projet-solveur/PPC/Mini projets/Tournoi echecs
!SESSION 2019-02-27 18:03:32.487 -----------------------------------------------
eclipse.buildId=unknown
java.fullversion=8.0.5.0 - pwa6480sr5-20170905_01(SR5)
JRE 1.8.0 IBM J9 2.9 Windows 10 amd64-64 Compressed References 20170901_363591 (JIT enabled, AOT enabled)
J9VM - d56eb84
JIT  - tr.open_20170901_140853_d56eb84
OMR  - b033a01
BootLoader constants: OS=win32, ARCH=x86_64, WS=win32, NL=fr_FR
Command-line arguments:  -clean -nl fr_FR -configuration C:\Users\sever\_severine\travail\ponts\3A\MPRO\PPC\Projet-solveur\PPC\Mini projets\.metadata\workspace_oplrun

!ENTRY ilog.odms.ide.opllang.remote 1 0 2019-02-27 18:03:32.490
!MESSAGE Run Configuration 1 in C:/Users/sever/_severine/travail/ponts/3A/MPRO/PPC/Projet-solveur/PPC/Mini projets/Tournoi echecs

!ENTRY ilog.odms.ide.opllang.remote 4 0 2019-02-27 18:04:25.441
!MESSAGE run failed
!STACK 0
ilog.concert.IloException: Traitement interrompu.
	at ilog.opl.opl_lang_wrapJNI.IloOplErrorHandlerWrapper_superOk(Native Method)
	at ilog.opl.IloOplErrorHandlerWrapper.superOk(IloOplErrorHandlerWrapper.java:86)
	at ilog.opl.IloCustomOplErrorHandler.customOk(IloCustomOplErrorHandler.java:78)
	at ilog.opl.IloCustomOplErrorHandler$MyEH.ok(IloCustomOplErrorHandler.java:35)
	at ilog.opl.opl_lang_wrapJNI.SwigDirector_IloOplErrorHandlerWrapper_ok(opl_lang_wrapJNI.java:1137)
	at ilog.opl.opl_lang_wrapJNI.IloOplModel_solveAlgorithm(Native Method)
	at ilog.opl.IloOplModel.solveAlgorithm(IloOplModel.java:415)
	at ilog.odms.ide.opllang.remote.IloOplRunConfigRunner.doProcessSimpleCP(IloOplRunConfigRunner.java:304)
	at ilog.odms.ide.opllang.remote.IloOplRunConfigRunner.doProcessSimple(IloOplRunConfigRunner.java:179)
	at ilog.odms.ide.opllang.remote.IloOplRunConfigRunner.doProcessModel(IloOplRunConfigRunner.java:163)
	at ilog.odms.ide.opllang.remote.IloOplRunConfigRunner.doRun(IloOplRunConfigRunner.java:377)
	at ilog.odms.ide.opllang.run.IloAbstractRunShell$2.run(IloAbstractRunShell.java:1587)
	at org.eclipse.core.internal.jobs.Worker.run(Worker.java:54)
!SESSION 2019-02-27 19:03:11.058 -----------------------------------------------
eclipse.buildId=unknown
java.fullversion=8.0.5.0 - pwa6480sr5-20170905_01(SR5)
JRE 1.8.0 IBM J9 2.9 Windows 10 amd64-64 Compressed References 20170901_363591 (JIT enabled, AOT enabled)
J9VM - d56eb84
JIT  - tr.open_20170901_140853_d56eb84
OMR  - b033a01
BootLoader constants: OS=win32, ARCH=x86_64, WS=win32, NL=fr_FR
Command-line arguments:  -clean -nl fr_FR -configuration C:\Users\sever\_severine\travail\ponts\3A\MPRO\PPC\Projet-solveur\PPC\Mini projets\.metadata\workspace_oplrun

!ENTRY ilog.odms.ide.opllang.remote 1 0 2019-02-27 19:03:11.059
!MESSAGE Run Lot_Sizing in C:/Users/sever/_severine/travail/ponts/3A/MPRO/RODD/projets/RODD/Projet_Lot_Sizing

!ENTRY ilog.odms.ide.opllang.remote 4 0 2019-02-27 19:03:11.280
!MESSAGE run failed
!STACK 0
ilog.concert.IloException: Echec du traitement.
	at ilog.opl.opl_lang_wrapJNI.IloOplModel_getModel(Native Method)
	at ilog.opl.IloOplModel.getModel(IloOplModel.java:561)
	at ilog.odms.ide.opllang.run.IloAbstractRunShell.loadModel(IloAbstractRunShell.java:1197)
	at ilog.odms.ide.opllang.remote.IloOplRunConfigRunner.doProcessModel(IloOplRunConfigRunner.java:156)
	at ilog.odms.ide.opllang.remote.IloOplRunConfigRunner.doRun(IloOplRunConfigRunner.java:377)
	at ilog.odms.ide.opllang.run.IloAbstractRunShell$2.run(IloAbstractRunShell.java:1587)
	at org.eclipse.core.internal.jobs.Worker.run(Worker.java:54)
!SESSION 2019-02-27 19:03:47.827 -----------------------------------------------
eclipse.buildId=unknown
java.fullversion=8.0.5.0 - pwa6480sr5-20170905_01(SR5)
JRE 1.8.0 IBM J9 2.9 Windows 10 amd64-64 Compressed References 20170901_363591 (JIT enabled, AOT enabled)
J9VM - d56eb84
JIT  - tr.open_20170901_140853_d56eb84
OMR  - b033a01
BootLoader constants: OS=win32, ARCH=x86_64, WS=win32, NL=fr_FR
Command-line arguments:  -clean -nl fr_FR -configuration C:\Users\sever\_severine\travail\ponts\3A\MPRO\PPC\Projet-solveur\PPC\Mini projets\.metadata\workspace_oplrun

!ENTRY ilog.odms.ide.opllang.remote 1 0 2019-02-27 19:03:47.828
!MESSAGE Run Lot_Sizing in C:/Users/sever/_severine/travail/ponts/3A/MPRO/RODD/projets/RODD/Projet_Lot_Sizing

!ENTRY ilog.odms.ide.opllang.remote 4 0 2019-02-27 19:03:47.963
!MESSAGE run failed
!STACK 0
ilog.concert.IloException: Echec du traitement.
	at ilog.opl.opl_lang_wrapJNI.IloOplModel_getModel(Native Method)
	at ilog.opl.IloOplModel.getModel(IloOplModel.java:561)
	at ilog.odms.ide.opllang.run.IloAbstractRunShell.loadModel(IloAbstractRunShell.java:1197)
	at ilog.odms.ide.opllang.remote.IloOplRunConfigRunner.doProcessModel(IloOplRunConfigRunner.java:156)
	at ilog.odms.ide.opllang.remote.IloOplRunConfigRunner.doRun(IloOplRunConfigRunner.java:377)
	at ilog.odms.ide.opllang.run.IloAbstractRunShell$2.run(IloAbstractRunShell.java:1587)
	at org.eclipse.core.internal.jobs.Worker.run(Worker.java:54)
!SESSION 2019-02-27 19:04:36.654 -----------------------------------------------
eclipse.buildId=unknown
java.fullversion=8.0.5.0 - pwa6480sr5-20170905_01(SR5)
JRE 1.8.0 IBM J9 2.9 Windows 10 amd64-64 Compressed References 20170901_363591 (JIT enabled, AOT enabled)
J9VM - d56eb84
JIT  - tr.open_20170901_140853_d56eb84
OMR  - b033a01
BootLoader constants: OS=win32, ARCH=x86_64, WS=win32, NL=fr_FR
Command-line arguments:  -clean -nl fr_FR -configuration C:\Users\sever\_severine\travail\ponts\3A\MPRO\PPC\Projet-solveur\PPC\Mini projets\.metadata\workspace_oplrun

!ENTRY ilog.odms.ide.opllang.remote 1 0 2019-02-27 19:04:36.655
!MESSAGE Run Lot_Sizing in C:/Users/sever/_severine/travail/ponts/3A/MPRO/RODD/projets/RODD/Projet_Lot_Sizing
!SESSION 2019-02-27 19:05:48.040 -----------------------------------------------
eclipse.buildId=unknown
java.fullversion=8.0.5.0 - pwa6480sr5-20170905_01(SR5)
JRE 1.8.0 IBM J9 2.9 Windows 10 amd64-64 Compressed References 20170901_363591 (JIT enabled, AOT enabled)
J9VM - d56eb84
JIT  - tr.open_20170901_140853_d56eb84
OMR  - b033a01
BootLoader constants: OS=win32, ARCH=x86_64, WS=win32, NL=fr_FR
Command-line arguments:  -clean -nl fr_FR -configuration C:\Users\sever\_severine\travail\ponts\3A\MPRO\PPC\Projet-solveur\PPC\Mini projets\.metadata\workspace_oplrun

!ENTRY ilog.odms.ide.opllang.remote 1 0 2019-02-27 19:05:48.042
!MESSAGE Run Lot_Sizing in C:/Users/sever/_severine/travail/ponts/3A/MPRO/RODD/projets/RODD/Projet_Lot_Sizing
!SESSION 2019-02-27 19:08:57.889 -----------------------------------------------
eclipse.buildId=unknown
java.fullversion=8.0.5.0 - pwa6480sr5-20170905_01(SR5)
JRE 1.8.0 IBM J9 2.9 Windows 10 amd64-64 Compressed References 20170901_363591 (JIT enabled, AOT enabled)
J9VM - d56eb84
JIT  - tr.open_20170901_140853_d56eb84
OMR  - b033a01
BootLoader constants: OS=win32, ARCH=x86_64, WS=win32, NL=fr_FR
Command-line arguments:  -clean -nl fr_FR -configuration C:\Users\sever\_severine\travail\ponts\3A\MPRO\PPC\Projet-solveur\PPC\Mini projets\.metadata\workspace_oplrun

!ENTRY ilog.odms.ide.opllang.remote 1 0 2019-02-27 19:08:57.891
!MESSAGE Run Lot_Sizing in C:/Users/sever/_severine/travail/ponts/3A/MPRO/RODD/projets/RODD/Projet_Lot_Sizing
!SESSION 2019-02-27 19:11:37.176 -----------------------------------------------
eclipse.buildId=unknown
java.fullversion=8.0.5.0 - pwa6480sr5-20170905_01(SR5)
JRE 1.8.0 IBM J9 2.9 Windows 10 amd64-64 Compressed References 20170901_363591 (JIT enabled, AOT enabled)
J9VM - d56eb84
JIT  - tr.open_20170901_140853_d56eb84
OMR  - b033a01
BootLoader constants: OS=win32, ARCH=x86_64, WS=win32, NL=fr_FR
Command-line arguments:  -clean -nl fr_FR -configuration C:\Users\sever\_severine\travail\ponts\3A\MPRO\PPC\Projet-solveur\PPC\Mini projets\.metadata\workspace_oplrun

!ENTRY ilog.odms.ide.opllang.remote 1 0 2019-02-27 19:11:37.178
!MESSAGE Run Lot_Sizing in C:/Users/sever/_severine/travail/ponts/3A/MPRO/RODD/projets/RODD/Projet_Lot_Sizing
!SESSION 2019-02-27 19:12:57.549 -----------------------------------------------
eclipse.buildId=unknown
java.fullversion=8.0.5.0 - pwa6480sr5-20170905_01(SR5)
JRE 1.8.0 IBM J9 2.9 Windows 10 amd64-64 Compressed References 20170901_363591 (JIT enabled, AOT enabled)
J9VM - d56eb84
JIT  - tr.open_20170901_140853_d56eb84
OMR  - b033a01
BootLoader constants: OS=win32, ARCH=x86_64, WS=win32, NL=fr_FR
Command-line arguments:  -clean -nl fr_FR -configuration C:\Users\sever\_severine\travail\ponts\3A\MPRO\PPC\Projet-solveur\PPC\Mini projets\.metadata\workspace_oplrun

!ENTRY ilog.odms.ide.opllang.remote 1 0 2019-02-27 19:12:57.550
!MESSAGE Run Lot_Sizing in C:/Users/sever/_severine/travail/ponts/3A/MPRO/RODD/projets/RODD/Projet_Lot_Sizing
!SESSION 2019-02-27 19:22:35.128 -----------------------------------------------
eclipse.buildId=unknown
java.fullversion=8.0.5.0 - pwa6480sr5-20170905_01(SR5)
JRE 1.8.0 IBM J9 2.9 Windows 10 amd64-64 Compressed References 20170901_363591 (JIT enabled, AOT enabled)
J9VM - d56eb84
JIT  - tr.open_20170901_140853_d56eb84
OMR  - b033a01
BootLoader constants: OS=win32, ARCH=x86_64, WS=win32, NL=fr_FR
Command-line arguments:  -clean -nl fr_FR -configuration C:\Users\sever\_severine\travail\ponts\3A\MPRO\PPC\Projet-solveur\PPC\Mini projets\.metadata\workspace_oplrun

!ENTRY ilog.odms.ide.opllang.remote 1 0 2019-02-27 19:22:35.130
!MESSAGE Run Lot_Sizing in C:/Users/sever/_severine/travail/ponts/3A/MPRO/RODD/projets/RODD/Projet_Lot_Sizing
!SESSION 2019-02-27 19:23:46.324 -----------------------------------------------
eclipse.buildId=unknown
java.fullversion=8.0.5.0 - pwa6480sr5-20170905_01(SR5)
JRE 1.8.0 IBM J9 2.9 Windows 10 amd64-64 Compressed References 20170901_363591 (JIT enabled, AOT enabled)
J9VM - d56eb84
JIT  - tr.open_20170901_140853_d56eb84
OMR  - b033a01
BootLoader constants: OS=win32, ARCH=x86_64, WS=win32, NL=fr_FR
Command-line arguments:  -clean -nl fr_FR -configuration C:\Users\sever\_severine\travail\ponts\3A\MPRO\PPC\Projet-solveur\PPC\Mini projets\.metadata\workspace_oplrun

!ENTRY ilog.odms.ide.opllang.remote 1 0 2019-02-27 19:23:46.326
!MESSAGE Run Lot_Sizing in C:/Users/sever/_severine/travail/ponts/3A/MPRO/RODD/projets/RODD/Projet_Lot_Sizing
!SESSION 2019-02-27 19:24:16.171 -----------------------------------------------
eclipse.buildId=unknown
java.fullversion=8.0.5.0 - pwa6480sr5-20170905_01(SR5)
JRE 1.8.0 IBM J9 2.9 Windows 10 amd64-64 Compressed References 20170901_363591 (JIT enabled, AOT enabled)
J9VM - d56eb84
JIT  - tr.open_20170901_140853_d56eb84
OMR  - b033a01
BootLoader constants: OS=win32, ARCH=x86_64, WS=win32, NL=fr_FR
Command-line arguments:  -clean -nl fr_FR -configuration C:\Users\sever\_severine\travail\ponts\3A\MPRO\PPC\Projet-solveur\PPC\Mini projets\.metadata\workspace_oplrun

!ENTRY ilog.odms.ide.opllang.remote 1 0 2019-02-27 19:24:16.172
!MESSAGE Run Lot_Sizing in C:/Users/sever/_severine/travail/ponts/3A/MPRO/RODD/projets/RODD/Projet_Lot_Sizing
!SESSION 2019-02-27 19:26:15.819 -----------------------------------------------
eclipse.buildId=unknown
java.fullversion=8.0.5.0 - pwa6480sr5-20170905_01(SR5)
JRE 1.8.0 IBM J9 2.9 Windows 10 amd64-64 Compressed References 20170901_363591 (JIT enabled, AOT enabled)
J9VM - d56eb84
JIT  - tr.open_20170901_140853_d56eb84
OMR  - b033a01
BootLoader constants: OS=win32, ARCH=x86_64, WS=win32, NL=fr_FR
Command-line arguments:  -clean -nl fr_FR -configuration C:\Users\sever\_severine\travail\ponts\3A\MPRO\PPC\Projet-solveur\PPC\Mini projets\.metadata\workspace_oplrun

!ENTRY ilog.odms.ide.opllang.remote 1 0 2019-02-27 19:26:15.821
!MESSAGE Run Lot_Sizing in C:/Users/sever/_severine/travail/ponts/3A/MPRO/RODD/projets/RODD/Projet_Lot_Sizing
!SESSION 2019-02-27 19:32:21.508 -----------------------------------------------
eclipse.buildId=unknown
java.fullversion=8.0.5.0 - pwa6480sr5-20170905_01(SR5)
JRE 1.8.0 IBM J9 2.9 Windows 10 amd64-64 Compressed References 20170901_363591 (JIT enabled, AOT enabled)
J9VM - d56eb84
JIT  - tr.open_20170901_140853_d56eb84
OMR  - b033a01
BootLoader constants: OS=win32, ARCH=x86_64, WS=win32, NL=fr_FR
Command-line arguments:  -clean -nl fr_FR -configuration C:\Users\sever\_severine\travail\ponts\3A\MPRO\PPC\Projet-solveur\PPC\Mini projets\.metadata\workspace_oplrun

!ENTRY ilog.odms.ide.opllang.remote 1 0 2019-02-27 19:32:21.521
!MESSAGE Run Lot_Sizing in C:/Users/sever/_severine/travail/ponts/3A/MPRO/RODD/projets/RODD/Projet_Lot_Sizing
!SESSION 2019-02-27 19:36:13.216 -----------------------------------------------
eclipse.buildId=unknown
java.fullversion=8.0.5.0 - pwa6480sr5-20170905_01(SR5)
JRE 1.8.0 IBM J9 2.9 Windows 10 amd64-64 Compressed References 20170901_363591 (JIT enabled, AOT enabled)
J9VM - d56eb84
JIT  - tr.open_20170901_140853_d56eb84
OMR  - b033a01
BootLoader constants: OS=win32, ARCH=x86_64, WS=win32, NL=fr_FR
Command-line arguments:  -clean -nl fr_FR -configuration C:\Users\sever\_severine\travail\ponts\3A\MPRO\PPC\Projet-solveur\PPC\Mini projets\.metadata\workspace_oplrun

!ENTRY ilog.odms.ide.opllang.remote 1 0 2019-02-27 19:36:13.219
!MESSAGE Run Lot_Sizing in C:/Users/sever/_severine/travail/ponts/3A/MPRO/RODD/projets/RODD/Projet_Lot_Sizing
!SESSION 2019-02-27 20:08:59.505 -----------------------------------------------
eclipse.buildId=unknown
java.fullversion=8.0.5.0 - pwa6480sr5-20170905_01(SR5)
JRE 1.8.0 IBM J9 2.9 Windows 10 amd64-64 Compressed References 20170901_363591 (JIT enabled, AOT enabled)
J9VM - d56eb84
JIT  - tr.open_20170901_140853_d56eb84
OMR  - b033a01
BootLoader constants: OS=win32, ARCH=x86_64, WS=win32, NL=fr_FR
Command-line arguments:  -clean -nl fr_FR -configuration C:\Users\sever\_severine\travail\ponts\3A\MPRO\PPC\Projet-solveur\PPC\Mini projets\.metadata\workspace_oplrun

!ENTRY ilog.odms.ide.opllang.remote 1 0 2019-02-27 20:08:59.506
!MESSAGE Run Lot_Sizing in C:/Users/sever/_severine/travail/ponts/3A/MPRO/RODD/projets/RODD/Projet_Lot_Sizing

!ENTRY ilog.odms.ide.opllang.remote 4 0 2019-02-27 20:08:59.625
!MESSAGE load failed
!STACK 1
org.eclipse.core.runtime.CoreException: load failed
	at ilog.odms.ide.opllang.remote.IloOplRunConfigRunner.doSetUpModel(IloOplRunConfigRunner.java:146)
	at ilog.odms.ide.opllang.remote.IloOplRunConfigRunner.doRun(IloOplRunConfigRunner.java:374)
	at ilog.odms.ide.opllang.run.IloAbstractRunShell$2.run(IloAbstractRunShell.java:1587)
	at org.eclipse.core.internal.jobs.Worker.run(Worker.java:54)
Caused by: ilog.concert.IloException: Impossible de charger le modèle.
	at ilog.opl.opl_lang_wrapJNI.IloOplRunConfiguration_getCppOplModel(Native Method)
	at ilog.opl.IloOplRunConfiguration.getCppOplModel(IloOplRunConfiguration.java:226)
	at ilog.opl.IloOplRunConfiguration.getOplModel(IloOplRunConfiguration.java:116)
	at ilog.odms.ide.opllang.remote.IloOplRunConfigRunner.doSetUpModel(IloOplRunConfigRunner.java:140)
	... 3 more
!SUBENTRY 1 ilog.odms.ide.opllang.remote 4 0 2019-02-27 20:08:59.633
!MESSAGE load failed
!STACK 0
ilog.concert.IloException: Impossible de charger le modèle.
	at ilog.opl.opl_lang_wrapJNI.IloOplRunConfiguration_getCppOplModel(Native Method)
	at ilog.opl.IloOplRunConfiguration.getCppOplModel(IloOplRunConfiguration.java:226)
	at ilog.opl.IloOplRunConfiguration.getOplModel(IloOplRunConfiguration.java:116)
	at ilog.odms.ide.opllang.remote.IloOplRunConfigRunner.doSetUpModel(IloOplRunConfigRunner.java:140)
	at ilog.odms.ide.opllang.remote.IloOplRunConfigRunner.doRun(IloOplRunConfigRunner.java:374)
	at ilog.odms.ide.opllang.run.IloAbstractRunShell$2.run(IloAbstractRunShell.java:1587)
	at org.eclipse.core.internal.jobs.Worker.run(Worker.java:54)
!SESSION 2019-02-27 20:11:07.608 -----------------------------------------------
eclipse.buildId=unknown
java.fullversion=8.0.5.0 - pwa6480sr5-20170905_01(SR5)
JRE 1.8.0 IBM J9 2.9 Windows 10 amd64-64 Compressed References 20170901_363591 (JIT enabled, AOT enabled)
J9VM - d56eb84
JIT  - tr.open_20170901_140853_d56eb84
OMR  - b033a01
BootLoader constants: OS=win32, ARCH=x86_64, WS=win32, NL=fr_FR
Command-line arguments:  -clean -nl fr_FR -configuration C:\Users\sever\_severine\travail\ponts\3A\MPRO\PPC\Projet-solveur\PPC\Mini projets\.metadata\workspace_oplrun

!ENTRY ilog.odms.ide.opllang.remote 1 0 2019-02-27 20:11:07.609
!MESSAGE Run Lot_Sizing in C:/Users/sever/_severine/travail/ponts/3A/MPRO/RODD/projets/RODD/Projet_Lot_Sizing
!SESSION 2019-02-27 20:16:48.329 -----------------------------------------------
eclipse.buildId=unknown
java.fullversion=8.0.5.0 - pwa6480sr5-20170905_01(SR5)
JRE 1.8.0 IBM J9 2.9 Windows 10 amd64-64 Compressed References 20170901_363591 (JIT enabled, AOT enabled)
J9VM - d56eb84
JIT  - tr.open_20170901_140853_d56eb84
OMR  - b033a01
BootLoader constants: OS=win32, ARCH=x86_64, WS=win32, NL=fr_FR
Command-line arguments:  -clean -nl fr_FR -configuration C:\Users\sever\_severine\travail\ponts\3A\MPRO\PPC\Projet-solveur\PPC\Mini projets\.metadata\workspace_oplrun

!ENTRY ilog.odms.ide.opllang.remote 1 0 2019-02-27 20:16:48.330
!MESSAGE Run Lot_Sizing in C:/Users/sever/_severine/travail/ponts/3A/MPRO/RODD/projets/RODD/Projet_Lot_Sizing
!SESSION 2019-02-27 20:24:45.437 -----------------------------------------------
eclipse.buildId=unknown
java.fullversion=8.0.5.0 - pwa6480sr5-20170905_01(SR5)
JRE 1.8.0 IBM J9 2.9 Windows 10 amd64-64 Compressed References 20170901_363591 (JIT enabled, AOT enabled)
J9VM - d56eb84
JIT  - tr.open_20170901_140853_d56eb84
OMR  - b033a01
BootLoader constants: OS=win32, ARCH=x86_64, WS=win32, NL=fr_FR
Command-line arguments:  -clean -nl fr_FR -configuration C:\Users\sever\_severine\travail\ponts\3A\MPRO\PPC\Projet-solveur\PPC\Mini projets\.metadata\workspace_oplrun

!ENTRY ilog.odms.ide.opllang.remote 1 0 2019-02-27 20:24:45.438
!MESSAGE Run Lot_Sizing in C:/Users/sever/_severine/travail/ponts/3A/MPRO/RODD/projets/RODD/Projet_Lot_Sizing
!SESSION 2019-02-27 20:26:24.986 -----------------------------------------------
eclipse.buildId=unknown
java.fullversion=8.0.5.0 - pwa6480sr5-20170905_01(SR5)
JRE 1.8.0 IBM J9 2.9 Windows 10 amd64-64 Compressed References 20170901_363591 (JIT enabled, AOT enabled)
J9VM - d56eb84
JIT  - tr.open_20170901_140853_d56eb84
OMR  - b033a01
BootLoader constants: OS=win32, ARCH=x86_64, WS=win32, NL=fr_FR
Command-line arguments:  -clean -nl fr_FR -configuration C:\Users\sever\_severine\travail\ponts\3A\MPRO\PPC\Projet-solveur\PPC\Mini projets\.metadata\workspace_oplrun

!ENTRY ilog.odms.ide.opllang.remote 1 0 2019-02-27 20:26:24.988
!MESSAGE Run Lot_Sizing in C:/Users/sever/_severine/travail/ponts/3A/MPRO/RODD/projets/RODD/Projet_Lot_Sizing
!SESSION 2019-02-27 20:34:35.791 -----------------------------------------------
eclipse.buildId=unknown
java.fullversion=8.0.5.0 - pwa6480sr5-20170905_01(SR5)
JRE 1.8.0 IBM J9 2.9 Windows 10 amd64-64 Compressed References 20170901_363591 (JIT enabled, AOT enabled)
J9VM - d56eb84
JIT  - tr.open_20170901_140853_d56eb84
OMR  - b033a01
BootLoader constants: OS=win32, ARCH=x86_64, WS=win32, NL=fr_FR
Command-line arguments:  -clean -nl fr_FR -configuration C:\Users\sever\_severine\travail\ponts\3A\MPRO\PPC\Projet-solveur\PPC\Mini projets\.metadata\workspace_oplrun

!ENTRY ilog.odms.ide.opllang.remote 1 0 2019-02-27 20:34:35.793
!MESSAGE Run Lot_Sizing in C:/Users/sever/_severine/travail/ponts/3A/MPRO/RODD/projets/RODD/Projet_Lot_Sizing
!SESSION 2019-02-27 20:37:07.840 -----------------------------------------------
eclipse.buildId=unknown
java.fullversion=8.0.5.0 - pwa6480sr5-20170905_01(SR5)
JRE 1.8.0 IBM J9 2.9 Windows 10 amd64-64 Compressed References 20170901_363591 (JIT enabled, AOT enabled)
J9VM - d56eb84
JIT  - tr.open_20170901_140853_d56eb84
OMR  - b033a01
BootLoader constants: OS=win32, ARCH=x86_64, WS=win32, NL=fr_FR
Command-line arguments:  -clean -nl fr_FR -configuration C:\Users\sever\_severine\travail\ponts\3A\MPRO\PPC\Projet-solveur\PPC\Mini projets\.metadata\workspace_oplrun

!ENTRY ilog.odms.ide.opllang.remote 1 0 2019-02-27 20:37:07.841
!MESSAGE Run Lot_Sizing in C:/Users/sever/_severine/travail/ponts/3A/MPRO/RODD/projets/RODD/Projet_Lot_Sizing
!SESSION 2019-02-27 20:37:16.493 -----------------------------------------------
eclipse.buildId=unknown
java.fullversion=8.0.5.0 - pwa6480sr5-20170905_01(SR5)
JRE 1.8.0 IBM J9 2.9 Windows 10 amd64-64 Compressed References 20170901_363591 (JIT enabled, AOT enabled)
J9VM - d56eb84
JIT  - tr.open_20170901_140853_d56eb84
OMR  - b033a01
BootLoader constants: OS=win32, ARCH=x86_64, WS=win32, NL=fr_FR
Command-line arguments:  -clean -nl fr_FR -configuration C:\Users\sever\_severine\travail\ponts\3A\MPRO\PPC\Projet-solveur\PPC\Mini projets\.metadata\workspace_oplrun

!ENTRY ilog.odms.ide.opllang.remote 1 0 2019-02-27 20:37:16.494
!MESSAGE Run Lot_Sizing in C:/Users/sever/_severine/travail/ponts/3A/MPRO/RODD/projets/RODD/Projet_Lot_Sizing
!SESSION 2019-02-27 20:37:35.707 -----------------------------------------------
eclipse.buildId=unknown
java.fullversion=8.0.5.0 - pwa6480sr5-20170905_01(SR5)
JRE 1.8.0 IBM J9 2.9 Windows 10 amd64-64 Compressed References 20170901_363591 (JIT enabled, AOT enabled)
J9VM - d56eb84
JIT  - tr.open_20170901_140853_d56eb84
OMR  - b033a01
BootLoader constants: OS=win32, ARCH=x86_64, WS=win32, NL=fr_FR
Command-line arguments:  -clean -nl fr_FR -configuration C:\Users\sever\_severine\travail\ponts\3A\MPRO\PPC\Projet-solveur\PPC\Mini projets\.metadata\workspace_oplrun

!ENTRY ilog.odms.ide.opllang.remote 1 0 2019-02-27 20:37:35.709
!MESSAGE Run Lot_Sizing in C:/Users/sever/_severine/travail/ponts/3A/MPRO/RODD/projets/RODD/Projet_Lot_Sizing
!SESSION 2019-02-27 20:40:15.546 -----------------------------------------------
eclipse.buildId=unknown
java.fullversion=8.0.5.0 - pwa6480sr5-20170905_01(SR5)
JRE 1.8.0 IBM J9 2.9 Windows 10 amd64-64 Compressed References 20170901_363591 (JIT enabled, AOT enabled)
J9VM - d56eb84
JIT  - tr.open_20170901_140853_d56eb84
OMR  - b033a01
BootLoader constants: OS=win32, ARCH=x86_64, WS=win32, NL=fr_FR
Command-line arguments:  -clean -nl fr_FR -configuration C:\Users\sever\_severine\travail\ponts\3A\MPRO\PPC\Projet-solveur\PPC\Mini projets\.metadata\workspace_oplrun

!ENTRY ilog.odms.ide.opllang.remote 1 0 2019-02-27 20:40:15.547
!MESSAGE Run Lot_Sizing in C:/Users/sever/_severine/travail/ponts/3A/MPRO/RODD/projets/RODD/Projet_Lot_Sizing
!SESSION 2019-02-27 20:41:38.353 -----------------------------------------------
eclipse.buildId=unknown
java.fullversion=8.0.5.0 - pwa6480sr5-20170905_01(SR5)
JRE 1.8.0 IBM J9 2.9 Windows 10 amd64-64 Compressed References 20170901_363591 (JIT enabled, AOT enabled)
J9VM - d56eb84
JIT  - tr.open_20170901_140853_d56eb84
OMR  - b033a01
BootLoader constants: OS=win32, ARCH=x86_64, WS=win32, NL=fr_FR
Command-line arguments:  -clean -nl fr_FR -configuration C:\Users\sever\_severine\travail\ponts\3A\MPRO\PPC\Projet-solveur\PPC\Mini projets\.metadata\workspace_oplrun

!ENTRY ilog.odms.ide.opllang.remote 1 0 2019-02-27 20:41:38.354
!MESSAGE Run Lot_Sizing in C:/Users/sever/_severine/travail/ponts/3A/MPRO/RODD/projets/RODD/Projet_Lot_Sizing
!SESSION 2019-02-27 20:57:25.296 -----------------------------------------------
eclipse.buildId=unknown
java.fullversion=8.0.5.0 - pwa6480sr5-20170905_01(SR5)
JRE 1.8.0 IBM J9 2.9 Windows 10 amd64-64 Compressed References 20170901_363591 (JIT enabled, AOT enabled)
J9VM - d56eb84
JIT  - tr.open_20170901_140853_d56eb84
OMR  - b033a01
BootLoader constants: OS=win32, ARCH=x86_64, WS=win32, NL=fr_FR
Command-line arguments:  -clean -nl fr_FR -configuration C:\Users\sever\_severine\travail\ponts\3A\MPRO\PPC\Projet-solveur\PPC\Mini projets\.metadata\workspace_oplrun

!ENTRY ilog.odms.ide.opllang.remote 1 0 2019-02-27 20:57:25.298
!MESSAGE Run Lot_Sizing in C:/Users/sever/_severine/travail/ponts/3A/MPRO/RODD/projets/RODD/Projet_Lot_Sizing

!ENTRY ilog.odms.ide.opllang.remote 4 0 2019-02-27 20:57:25.462
!MESSAGE run failed
!STACK 0
ilog.concert.IloException: Echec du traitement.
	at ilog.opl.opl_lang_wrapJNI.IloOplModel_getModel(Native Method)
	at ilog.opl.IloOplModel.getModel(IloOplModel.java:561)
	at ilog.odms.ide.opllang.run.IloAbstractRunShell.loadModel(IloAbstractRunShell.java:1197)
	at ilog.odms.ide.opllang.remote.IloOplRunConfigRunner.doProcessModel(IloOplRunConfigRunner.java:156)
	at ilog.odms.ide.opllang.remote.IloOplRunConfigRunner.doRun(IloOplRunConfigRunner.java:377)
	at ilog.odms.ide.opllang.run.IloAbstractRunShell$2.run(IloAbstractRunShell.java:1587)
	at org.eclipse.core.internal.jobs.Worker.run(Worker.java:54)
!SESSION 2019-02-27 20:58:37.792 -----------------------------------------------
eclipse.buildId=unknown
java.fullversion=8.0.5.0 - pwa6480sr5-20170905_01(SR5)
JRE 1.8.0 IBM J9 2.9 Windows 10 amd64-64 Compressed References 20170901_363591 (JIT enabled, AOT enabled)
J9VM - d56eb84
JIT  - tr.open_20170901_140853_d56eb84
OMR  - b033a01
BootLoader constants: OS=win32, ARCH=x86_64, WS=win32, NL=fr_FR
Command-line arguments:  -clean -nl fr_FR -configuration C:\Users\sever\_severine\travail\ponts\3A\MPRO\PPC\Projet-solveur\PPC\Mini projets\.metadata\workspace_oplrun

!ENTRY ilog.odms.ide.opllang.remote 1 0 2019-02-27 20:58:37.794
!MESSAGE Run Lot_Sizing in C:/Users/sever/_severine/travail/ponts/3A/MPRO/RODD/projets/RODD/Projet_Lot_Sizing

!ENTRY ilog.odms.ide.opllang.remote 4 0 2019-02-27 20:58:37.939
!MESSAGE run failed
!STACK 0
ilog.concert.IloException: Echec du traitement.
	at ilog.opl.opl_lang_wrapJNI.IloOplModel_getModel(Native Method)
	at ilog.opl.IloOplModel.getModel(IloOplModel.java:561)
	at ilog.odms.ide.opllang.run.IloAbstractRunShell.loadModel(IloAbstractRunShell.java:1197)
	at ilog.odms.ide.opllang.remote.IloOplRunConfigRunner.doProcessModel(IloOplRunConfigRunner.java:156)
	at ilog.odms.ide.opllang.remote.IloOplRunConfigRunner.doRun(IloOplRunConfigRunner.java:377)
	at ilog.odms.ide.opllang.run.IloAbstractRunShell$2.run(IloAbstractRunShell.java:1587)
	at org.eclipse.core.internal.jobs.Worker.run(Worker.java:54)
!SESSION 2019-02-27 20:58:56.524 -----------------------------------------------
eclipse.buildId=unknown
java.fullversion=8.0.5.0 - pwa6480sr5-20170905_01(SR5)
JRE 1.8.0 IBM J9 2.9 Windows 10 amd64-64 Compressed References 20170901_363591 (JIT enabled, AOT enabled)
J9VM - d56eb84
JIT  - tr.open_20170901_140853_d56eb84
OMR  - b033a01
BootLoader constants: OS=win32, ARCH=x86_64, WS=win32, NL=fr_FR
Command-line arguments:  -clean -nl fr_FR -configuration C:\Users\sever\_severine\travail\ponts\3A\MPRO\PPC\Projet-solveur\PPC\Mini projets\.metadata\workspace_oplrun

!ENTRY ilog.odms.ide.opllang.remote 1 0 2019-02-27 20:58:56.525
!MESSAGE Run Lot_Sizing in C:/Users/sever/_severine/travail/ponts/3A/MPRO/RODD/projets/RODD/Projet_Lot_Sizing
!SESSION 2019-02-27 21:12:38.213 -----------------------------------------------
eclipse.buildId=unknown
java.fullversion=8.0.5.0 - pwa6480sr5-20170905_01(SR5)
JRE 1.8.0 IBM J9 2.9 Windows 10 amd64-64 Compressed References 20170901_363591 (JIT enabled, AOT enabled)
J9VM - d56eb84
JIT  - tr.open_20170901_140853_d56eb84
OMR  - b033a01
BootLoader constants: OS=win32, ARCH=x86_64, WS=win32, NL=fr_FR
Command-line arguments:  -clean -nl fr_FR -configuration C:\Users\sever\_severine\travail\ponts\3A\MPRO\PPC\Projet-solveur\PPC\Mini projets\.metadata\workspace_oplrun

!ENTRY ilog.odms.ide.opllang.remote 1 0 2019-02-27 21:12:38.215
!MESSAGE Run Lot_Sizing in C:/Users/sever/_severine/travail/ponts/3A/MPRO/RODD/projets/RODD/Projet_Lot_Sizing
!SESSION 2019-02-27 21:13:30.235 -----------------------------------------------
eclipse.buildId=unknown
java.fullversion=8.0.5.0 - pwa6480sr5-20170905_01(SR5)
JRE 1.8.0 IBM J9 2.9 Windows 10 amd64-64 Compressed References 20170901_363591 (JIT enabled, AOT enabled)
J9VM - d56eb84
JIT  - tr.open_20170901_140853_d56eb84
OMR  - b033a01
BootLoader constants: OS=win32, ARCH=x86_64, WS=win32, NL=fr_FR
Command-line arguments:  -clean -nl fr_FR -configuration C:\Users\sever\_severine\travail\ponts\3A\MPRO\PPC\Projet-solveur\PPC\Mini projets\.metadata\workspace_oplrun

!ENTRY ilog.odms.ide.opllang.remote 1 0 2019-02-27 21:13:30.238
!MESSAGE Run Lot_Sizing in C:/Users/sever/_severine/travail/ponts/3A/MPRO/RODD/projets/RODD/Projet_Lot_Sizing
!SESSION 2019-02-27 21:19:28.066 -----------------------------------------------
eclipse.buildId=unknown
java.fullversion=8.0.5.0 - pwa6480sr5-20170905_01(SR5)
JRE 1.8.0 IBM J9 2.9 Windows 10 amd64-64 Compressed References 20170901_363591 (JIT enabled, AOT enabled)
J9VM - d56eb84
JIT  - tr.open_20170901_140853_d56eb84
OMR  - b033a01
BootLoader constants: OS=win32, ARCH=x86_64, WS=win32, NL=fr_FR
Command-line arguments:  -clean -nl fr_FR -configuration C:\Users\sever\_severine\travail\ponts\3A\MPRO\PPC\Projet-solveur\PPC\Mini projets\.metadata\workspace_oplrun

!ENTRY ilog.odms.ide.opllang.remote 1 0 2019-02-27 21:19:28.067
!MESSAGE Run Lot_Sizing in C:/Users/sever/_severine/travail/ponts/3A/MPRO/RODD/projets/RODD/Projet_Lot_Sizing
!SESSION 2019-02-27 21:20:37.757 -----------------------------------------------
eclipse.buildId=unknown
java.fullversion=8.0.5.0 - pwa6480sr5-20170905_01(SR5)
JRE 1.8.0 IBM J9 2.9 Windows 10 amd64-64 Compressed References 20170901_363591 (JIT enabled, AOT enabled)
J9VM - d56eb84
JIT  - tr.open_20170901_140853_d56eb84
OMR  - b033a01
BootLoader constants: OS=win32, ARCH=x86_64, WS=win32, NL=fr_FR
Command-line arguments:  -clean -nl fr_FR -configuration C:\Users\sever\_severine\travail\ponts\3A\MPRO\PPC\Projet-solveur\PPC\Mini projets\.metadata\workspace_oplrun

!ENTRY ilog.odms.ide.opllang.remote 1 0 2019-02-27 21:20:37.758
!MESSAGE Run Lot_Sizing in C:/Users/sever/_severine/travail/ponts/3A/MPRO/RODD/projets/RODD/Projet_Lot_Sizing
!SESSION 2019-02-27 21:24:47.131 -----------------------------------------------
eclipse.buildId=unknown
java.fullversion=8.0.5.0 - pwa6480sr5-20170905_01(SR5)
JRE 1.8.0 IBM J9 2.9 Windows 10 amd64-64 Compressed References 20170901_363591 (JIT enabled, AOT enabled)
J9VM - d56eb84
JIT  - tr.open_20170901_140853_d56eb84
OMR  - b033a01
BootLoader constants: OS=win32, ARCH=x86_64, WS=win32, NL=fr_FR
Command-line arguments:  -clean -nl fr_FR -configuration C:\Users\sever\_severine\travail\ponts\3A\MPRO\PPC\Projet-solveur\PPC\Mini projets\.metadata\workspace_oplrun

!ENTRY ilog.odms.ide.opllang.remote 1 0 2019-02-27 21:24:47.133
!MESSAGE Run Lot_Sizing in C:/Users/sever/_severine/travail/ponts/3A/MPRO/RODD/projets/RODD/Projet_Lot_Sizing
!SESSION 2019-02-27 21:33:02.922 -----------------------------------------------
eclipse.buildId=unknown
java.fullversion=8.0.5.0 - pwa6480sr5-20170905_01(SR5)
JRE 1.8.0 IBM J9 2.9 Windows 10 amd64-64 Compressed References 20170901_363591 (JIT enabled, AOT enabled)
J9VM - d56eb84
JIT  - tr.open_20170901_140853_d56eb84
OMR  - b033a01
BootLoader constants: OS=win32, ARCH=x86_64, WS=win32, NL=fr_FR
Command-line arguments:  -clean -nl fr_FR -configuration C:\Users\sever\_severine\travail\ponts\3A\MPRO\PPC\Projet-solveur\PPC\Mini projets\.metadata\workspace_oplrun

!ENTRY ilog.odms.ide.opllang.remote 1 0 2019-02-27 21:33:02.923
!MESSAGE Run Lot_Sizing in C:/Users/sever/_severine/travail/ponts/3A/MPRO/RODD/projets/RODD/Projet_Lot_Sizing
!SESSION 2019-02-27 21:33:26.994 -----------------------------------------------
eclipse.buildId=unknown
java.fullversion=8.0.5.0 - pwa6480sr5-20170905_01(SR5)
JRE 1.8.0 IBM J9 2.9 Windows 10 amd64-64 Compressed References 20170901_363591 (JIT enabled, AOT enabled)
J9VM - d56eb84
JIT  - tr.open_20170901_140853_d56eb84
OMR  - b033a01
BootLoader constants: OS=win32, ARCH=x86_64, WS=win32, NL=fr_FR
Command-line arguments:  -clean -nl fr_FR -configuration C:\Users\sever\_severine\travail\ponts\3A\MPRO\PPC\Projet-solveur\PPC\Mini projets\.metadata\workspace_oplrun

!ENTRY ilog.odms.ide.opllang.remote 1 0 2019-02-27 21:33:26.995
!MESSAGE Run Lot_Sizing in C:/Users/sever/_severine/travail/ponts/3A/MPRO/RODD/projets/RODD/Projet_Lot_Sizing
!SESSION 2019-02-27 21:34:55.803 -----------------------------------------------
eclipse.buildId=unknown
java.fullversion=8.0.5.0 - pwa6480sr5-20170905_01(SR5)
JRE 1.8.0 IBM J9 2.9 Windows 10 amd64-64 Compressed References 20170901_363591 (JIT enabled, AOT enabled)
J9VM - d56eb84
JIT  - tr.open_20170901_140853_d56eb84
OMR  - b033a01
BootLoader constants: OS=win32, ARCH=x86_64, WS=win32, NL=fr_FR
Command-line arguments:  -clean -nl fr_FR -configuration C:\Users\sever\_severine\travail\ponts\3A\MPRO\PPC\Projet-solveur\PPC\Mini projets\.metadata\workspace_oplrun

!ENTRY ilog.odms.ide.opllang.remote 1 0 2019-02-27 21:34:55.805
!MESSAGE Run Lot_Sizing in C:/Users/sever/_severine/travail/ponts/3A/MPRO/RODD/projets/RODD/Projet_Lot_Sizing

!ENTRY ilog.odms.ide.opllang.remote 4 0 2019-02-27 21:34:55.934
!MESSAGE load failed
!STACK 1
org.eclipse.core.runtime.CoreException: load failed
	at ilog.odms.ide.opllang.remote.IloOplRunConfigRunner.doSetUpModel(IloOplRunConfigRunner.java:146)
	at ilog.odms.ide.opllang.remote.IloOplRunConfigRunner.doRun(IloOplRunConfigRunner.java:374)
	at ilog.odms.ide.opllang.run.IloAbstractRunShell$2.run(IloAbstractRunShell.java:1587)
	at org.eclipse.core.internal.jobs.Worker.run(Worker.java:54)
Caused by: ilog.concert.IloException: Impossible de charger le modèle.
	at ilog.opl.opl_lang_wrapJNI.IloOplRunConfiguration_getCppOplModel(Native Method)
	at ilog.opl.IloOplRunConfiguration.getCppOplModel(IloOplRunConfiguration.java:226)
	at ilog.opl.IloOplRunConfiguration.getOplModel(IloOplRunConfiguration.java:116)
	at ilog.odms.ide.opllang.remote.IloOplRunConfigRunner.doSetUpModel(IloOplRunConfigRunner.java:140)
	... 3 more
!SUBENTRY 1 ilog.odms.ide.opllang.remote 4 0 2019-02-27 21:34:55.940
!MESSAGE load failed
!STACK 0
ilog.concert.IloException: Impossible de charger le modèle.
	at ilog.opl.opl_lang_wrapJNI.IloOplRunConfiguration_getCppOplModel(Native Method)
	at ilog.opl.IloOplRunConfiguration.getCppOplModel(IloOplRunConfiguration.java:226)
	at ilog.opl.IloOplRunConfiguration.getOplModel(IloOplRunConfiguration.java:116)
	at ilog.odms.ide.opllang.remote.IloOplRunConfigRunner.doSetUpModel(IloOplRunConfigRunner.java:140)
	at ilog.odms.ide.opllang.remote.IloOplRunConfigRunner.doRun(IloOplRunConfigRunner.java:374)
	at ilog.odms.ide.opllang.run.IloAbstractRunShell$2.run(IloAbstractRunShell.java:1587)
	at org.eclipse.core.internal.jobs.Worker.run(Worker.java:54)
!SESSION 2019-02-27 21:35:07.455 -----------------------------------------------
eclipse.buildId=unknown
java.fullversion=8.0.5.0 - pwa6480sr5-20170905_01(SR5)
JRE 1.8.0 IBM J9 2.9 Windows 10 amd64-64 Compressed References 20170901_363591 (JIT enabled, AOT enabled)
J9VM - d56eb84
JIT  - tr.open_20170901_140853_d56eb84
OMR  - b033a01
BootLoader constants: OS=win32, ARCH=x86_64, WS=win32, NL=fr_FR
Command-line arguments:  -clean -nl fr_FR -configuration C:\Users\sever\_severine\travail\ponts\3A\MPRO\PPC\Projet-solveur\PPC\Mini projets\.metadata\workspace_oplrun

!ENTRY ilog.odms.ide.opllang.remote 1 0 2019-02-27 21:35:07.457
!MESSAGE Run Lot_Sizing in C:/Users/sever/_severine/travail/ponts/3A/MPRO/RODD/projets/RODD/Projet_Lot_Sizing
!SESSION 2019-02-27 21:39:56.864 -----------------------------------------------
eclipse.buildId=unknown
java.fullversion=8.0.5.0 - pwa6480sr5-20170905_01(SR5)
JRE 1.8.0 IBM J9 2.9 Windows 10 amd64-64 Compressed References 20170901_363591 (JIT enabled, AOT enabled)
J9VM - d56eb84
JIT  - tr.open_20170901_140853_d56eb84
OMR  - b033a01
BootLoader constants: OS=win32, ARCH=x86_64, WS=win32, NL=fr_FR
Command-line arguments:  -clean -nl fr_FR -configuration C:\Users\sever\_severine\travail\ponts\3A\MPRO\PPC\Projet-solveur\PPC\Mini projets\.metadata\workspace_oplrun

!ENTRY ilog.odms.ide.opllang.remote 1 0 2019-02-27 21:39:56.866
!MESSAGE Run Lot_Sizing in C:/Users/sever/_severine/travail/ponts/3A/MPRO/RODD/projets/RODD/Projet_Lot_Sizing

!ENTRY ilog.odms.ide.opllang.remote 4 0 2019-02-27 21:39:56.999
!MESSAGE load failed
!STACK 1
org.eclipse.core.runtime.CoreException: load failed
	at ilog.odms.ide.opllang.remote.IloOplRunConfigRunner.doSetUpModel(IloOplRunConfigRunner.java:146)
	at ilog.odms.ide.opllang.remote.IloOplRunConfigRunner.doRun(IloOplRunConfigRunner.java:374)
	at ilog.odms.ide.opllang.run.IloAbstractRunShell$2.run(IloAbstractRunShell.java:1587)
	at org.eclipse.core.internal.jobs.Worker.run(Worker.java:54)
Caused by: ilog.concert.IloException: Impossible de charger le modèle.
	at ilog.opl.opl_lang_wrapJNI.IloOplRunConfiguration_getCppOplModel(Native Method)
	at ilog.opl.IloOplRunConfiguration.getCppOplModel(IloOplRunConfiguration.java:226)
	at ilog.opl.IloOplRunConfiguration.getOplModel(IloOplRunConfiguration.java:116)
	at ilog.odms.ide.opllang.remote.IloOplRunConfigRunner.doSetUpModel(IloOplRunConfigRunner.java:140)
	... 3 more
!SUBENTRY 1 ilog.odms.ide.opllang.remote 4 0 2019-02-27 21:39:57.000
!MESSAGE load failed
!STACK 0
ilog.concert.IloException: Impossible de charger le modèle.
	at ilog.opl.opl_lang_wrapJNI.IloOplRunConfiguration_getCppOplModel(Native Method)
	at ilog.opl.IloOplRunConfiguration.getCppOplModel(IloOplRunConfiguration.java:226)
	at ilog.opl.IloOplRunConfiguration.getOplModel(IloOplRunConfiguration.java:116)
	at ilog.odms.ide.opllang.remote.IloOplRunConfigRunner.doSetUpModel(IloOplRunConfigRunner.java:140)
	at ilog.odms.ide.opllang.remote.IloOplRunConfigRunner.doRun(IloOplRunConfigRunner.java:374)
	at ilog.odms.ide.opllang.run.IloAbstractRunShell$2.run(IloAbstractRunShell.java:1587)
	at org.eclipse.core.internal.jobs.Worker.run(Worker.java:54)
!SESSION 2019-02-27 21:41:24.371 -----------------------------------------------
eclipse.buildId=unknown
java.fullversion=8.0.5.0 - pwa6480sr5-20170905_01(SR5)
JRE 1.8.0 IBM J9 2.9 Windows 10 amd64-64 Compressed References 20170901_363591 (JIT enabled, AOT enabled)
J9VM - d56eb84
JIT  - tr.open_20170901_140853_d56eb84
OMR  - b033a01
BootLoader constants: OS=win32, ARCH=x86_64, WS=win32, NL=fr_FR
Command-line arguments:  -clean -nl fr_FR -configuration C:\Users\sever\_severine\travail\ponts\3A\MPRO\PPC\Projet-solveur\PPC\Mini projets\.metadata\workspace_oplrun

!ENTRY ilog.odms.ide.opllang.remote 1 0 2019-02-27 21:41:24.374
!MESSAGE Run Lot_Sizing in C:/Users/sever/_severine/travail/ponts/3A/MPRO/RODD/projets/RODD/Projet_Lot_Sizing
!SESSION 2019-02-27 21:41:30.264 -----------------------------------------------
eclipse.buildId=unknown
java.fullversion=8.0.5.0 - pwa6480sr5-20170905_01(SR5)
JRE 1.8.0 IBM J9 2.9 Windows 10 amd64-64 Compressed References 20170901_363591 (JIT enabled, AOT enabled)
J9VM - d56eb84
JIT  - tr.open_20170901_140853_d56eb84
OMR  - b033a01
BootLoader constants: OS=win32, ARCH=x86_64, WS=win32, NL=fr_FR
Command-line arguments:  -clean -nl fr_FR -configuration C:\Users\sever\_severine\travail\ponts\3A\MPRO\PPC\Projet-solveur\PPC\Mini projets\.metadata\workspace_oplrun

!ENTRY ilog.odms.ide.opllang.remote 1 0 2019-02-27 21:41:30.266
!MESSAGE Run Lot_Sizing in C:/Users/sever/_severine/travail/ponts/3A/MPRO/RODD/projets/RODD/Projet_Lot_Sizing
!SESSION 2019-02-27 21:41:48.004 -----------------------------------------------
eclipse.buildId=unknown
java.fullversion=8.0.5.0 - pwa6480sr5-20170905_01(SR5)
JRE 1.8.0 IBM J9 2.9 Windows 10 amd64-64 Compressed References 20170901_363591 (JIT enabled, AOT enabled)
J9VM - d56eb84
JIT  - tr.open_20170901_140853_d56eb84
OMR  - b033a01
BootLoader constants: OS=win32, ARCH=x86_64, WS=win32, NL=fr_FR
Command-line arguments:  -clean -nl fr_FR -configuration C:\Users\sever\_severine\travail\ponts\3A\MPRO\PPC\Projet-solveur\PPC\Mini projets\.metadata\workspace_oplrun

!ENTRY ilog.odms.ide.opllang.remote 1 0 2019-02-27 21:41:48.005
!MESSAGE Run Lot_Sizing in C:/Users/sever/_severine/travail/ponts/3A/MPRO/RODD/projets/RODD/Projet_Lot_Sizing
!SESSION 2019-02-27 21:44:09.608 -----------------------------------------------
eclipse.buildId=unknown
java.fullversion=8.0.5.0 - pwa6480sr5-20170905_01(SR5)
JRE 1.8.0 IBM J9 2.9 Windows 10 amd64-64 Compressed References 20170901_363591 (JIT enabled, AOT enabled)
J9VM - d56eb84
JIT  - tr.open_20170901_140853_d56eb84
OMR  - b033a01
BootLoader constants: OS=win32, ARCH=x86_64, WS=win32, NL=fr_FR
Command-line arguments:  -clean -nl fr_FR -configuration C:\Users\sever\_severine\travail\ponts\3A\MPRO\PPC\Projet-solveur\PPC\Mini projets\.metadata\workspace_oplrun

!ENTRY ilog.odms.ide.opllang.remote 1 0 2019-02-27 21:44:09.609
!MESSAGE Run Lot_Sizing in C:/Users/sever/_severine/travail/ponts/3A/MPRO/RODD/projets/RODD/Projet_Lot_Sizing
!SESSION 2019-02-27 21:48:54.595 -----------------------------------------------
eclipse.buildId=unknown
java.fullversion=8.0.5.0 - pwa6480sr5-20170905_01(SR5)
JRE 1.8.0 IBM J9 2.9 Windows 10 amd64-64 Compressed References 20170901_363591 (JIT enabled, AOT enabled)
J9VM - d56eb84
JIT  - tr.open_20170901_140853_d56eb84
OMR  - b033a01
BootLoader constants: OS=win32, ARCH=x86_64, WS=win32, NL=fr_FR
Command-line arguments:  -clean -nl fr_FR -configuration C:\Users\sever\_severine\travail\ponts\3A\MPRO\PPC\Projet-solveur\PPC\Mini projets\.metadata\workspace_oplrun

!ENTRY ilog.odms.ide.opllang.remote 1 0 2019-02-27 21:48:54.596
!MESSAGE Run Lot_Sizing in C:/Users/sever/_severine/travail/ponts/3A/MPRO/RODD/projets/RODD/Projet_Lot_Sizing

!ENTRY ilog.odms.ide.opllang.remote 4 0 2019-02-27 21:48:54.745
!MESSAGE load failed
!STACK 1
org.eclipse.core.runtime.CoreException: load failed
	at ilog.odms.ide.opllang.remote.IloOplRunConfigRunner.doSetUpModel(IloOplRunConfigRunner.java:146)
	at ilog.odms.ide.opllang.remote.IloOplRunConfigRunner.doRun(IloOplRunConfigRunner.java:374)
	at ilog.odms.ide.opllang.run.IloAbstractRunShell$2.run(IloAbstractRunShell.java:1587)
	at org.eclipse.core.internal.jobs.Worker.run(Worker.java:54)
Caused by: ilog.concert.IloException: Impossible de charger le modèle.
	at ilog.opl.opl_lang_wrapJNI.IloOplRunConfiguration_getCppOplModel(Native Method)
	at ilog.opl.IloOplRunConfiguration.getCppOplModel(IloOplRunConfiguration.java:226)
	at ilog.opl.IloOplRunConfiguration.getOplModel(IloOplRunConfiguration.java:116)
	at ilog.odms.ide.opllang.remote.IloOplRunConfigRunner.doSetUpModel(IloOplRunConfigRunner.java:140)
	... 3 more
!SUBENTRY 1 ilog.odms.ide.opllang.remote 4 0 2019-02-27 21:48:54.749
!MESSAGE load failed
!STACK 0
ilog.concert.IloException: Impossible de charger le modèle.
	at ilog.opl.opl_lang_wrapJNI.IloOplRunConfiguration_getCppOplModel(Native Method)
	at ilog.opl.IloOplRunConfiguration.getCppOplModel(IloOplRunConfiguration.java:226)
	at ilog.opl.IloOplRunConfiguration.getOplModel(IloOplRunConfiguration.java:116)
	at ilog.odms.ide.opllang.remote.IloOplRunConfigRunner.doSetUpModel(IloOplRunConfigRunner.java:140)
	at ilog.odms.ide.opllang.remote.IloOplRunConfigRunner.doRun(IloOplRunConfigRunner.java:374)
	at ilog.odms.ide.opllang.run.IloAbstractRunShell$2.run(IloAbstractRunShell.java:1587)
	at org.eclipse.core.internal.jobs.Worker.run(Worker.java:54)
!SESSION 2019-02-27 21:49:28.464 -----------------------------------------------
eclipse.buildId=unknown
java.fullversion=8.0.5.0 - pwa6480sr5-20170905_01(SR5)
JRE 1.8.0 IBM J9 2.9 Windows 10 amd64-64 Compressed References 20170901_363591 (JIT enabled, AOT enabled)
J9VM - d56eb84
JIT  - tr.open_20170901_140853_d56eb84
OMR  - b033a01
BootLoader constants: OS=win32, ARCH=x86_64, WS=win32, NL=fr_FR
Command-line arguments:  -clean -nl fr_FR -configuration C:\Users\sever\_severine\travail\ponts\3A\MPRO\PPC\Projet-solveur\PPC\Mini projets\.metadata\workspace_oplrun

!ENTRY ilog.odms.ide.opllang.remote 1 0 2019-02-27 21:49:28.465
!MESSAGE Run Lot_Sizing in C:/Users/sever/_severine/travail/ponts/3A/MPRO/RODD/projets/RODD/Projet_Lot_Sizing
!SESSION 2019-02-27 21:51:18.864 -----------------------------------------------
eclipse.buildId=unknown
java.fullversion=8.0.5.0 - pwa6480sr5-20170905_01(SR5)
JRE 1.8.0 IBM J9 2.9 Windows 10 amd64-64 Compressed References 20170901_363591 (JIT enabled, AOT enabled)
J9VM - d56eb84
JIT  - tr.open_20170901_140853_d56eb84
OMR  - b033a01
BootLoader constants: OS=win32, ARCH=x86_64, WS=win32, NL=fr_FR
Command-line arguments:  -clean -nl fr_FR -configuration C:\Users\sever\_severine\travail\ponts\3A\MPRO\PPC\Projet-solveur\PPC\Mini projets\.metadata\workspace_oplrun

!ENTRY ilog.odms.ide.opllang.remote 1 0 2019-02-27 21:51:18.866
!MESSAGE Run Lot_Sizing in C:/Users/sever/_severine/travail/ponts/3A/MPRO/RODD/projets/RODD/Projet_Lot_Sizing
!SESSION 2019-02-27 22:04:09.750 -----------------------------------------------
eclipse.buildId=unknown
java.fullversion=8.0.5.0 - pwa6480sr5-20170905_01(SR5)
JRE 1.8.0 IBM J9 2.9 Windows 10 amd64-64 Compressed References 20170901_363591 (JIT enabled, AOT enabled)
J9VM - d56eb84
JIT  - tr.open_20170901_140853_d56eb84
OMR  - b033a01
BootLoader constants: OS=win32, ARCH=x86_64, WS=win32, NL=fr_FR
Command-line arguments:  -clean -nl fr_FR -configuration C:\Users\sever\_severine\travail\ponts\3A\MPRO\PPC\Projet-solveur\PPC\Mini projets\.metadata\workspace_oplrun

!ENTRY ilog.odms.ide.opllang.remote 1 0 2019-02-27 22:04:09.751
!MESSAGE Run Lot_Sizing in C:/Users/sever/_severine/travail/ponts/3A/MPRO/RODD/projets/RODD/Projet_Lot_Sizing
!SESSION 2019-02-27 22:07:46.305 -----------------------------------------------
eclipse.buildId=unknown
java.fullversion=8.0.5.0 - pwa6480sr5-20170905_01(SR5)
JRE 1.8.0 IBM J9 2.9 Windows 10 amd64-64 Compressed References 20170901_363591 (JIT enabled, AOT enabled)
J9VM - d56eb84
JIT  - tr.open_20170901_140853_d56eb84
OMR  - b033a01
BootLoader constants: OS=win32, ARCH=x86_64, WS=win32, NL=fr_FR
Command-line arguments:  -clean -nl fr_FR -configuration C:\Users\sever\_severine\travail\ponts\3A\MPRO\PPC\Projet-solveur\PPC\Mini projets\.metadata\workspace_oplrun

!ENTRY ilog.odms.ide.opllang.remote 1 0 2019-02-27 22:07:46.306
!MESSAGE Run Lot_Sizing in C:/Users/sever/_severine/travail/ponts/3A/MPRO/RODD/projets/RODD/Projet_Lot_Sizing
!SESSION 2019-02-27 22:08:51.902 -----------------------------------------------
eclipse.buildId=unknown
java.fullversion=8.0.5.0 - pwa6480sr5-20170905_01(SR5)
JRE 1.8.0 IBM J9 2.9 Windows 10 amd64-64 Compressed References 20170901_363591 (JIT enabled, AOT enabled)
J9VM - d56eb84
JIT  - tr.open_20170901_140853_d56eb84
OMR  - b033a01
BootLoader constants: OS=win32, ARCH=x86_64, WS=win32, NL=fr_FR
Command-line arguments:  -clean -nl fr_FR -configuration C:\Users\sever\_severine\travail\ponts\3A\MPRO\PPC\Projet-solveur\PPC\Mini projets\.metadata\workspace_oplrun

!ENTRY ilog.odms.ide.opllang.remote 1 0 2019-02-27 22:08:51.903
!MESSAGE Run Lot_Sizing in C:/Users/sever/_severine/travail/ponts/3A/MPRO/RODD/projets/RODD/Projet_Lot_Sizing
!SESSION 2019-02-27 22:09:44.692 -----------------------------------------------
eclipse.buildId=unknown
java.fullversion=8.0.5.0 - pwa6480sr5-20170905_01(SR5)
JRE 1.8.0 IBM J9 2.9 Windows 10 amd64-64 Compressed References 20170901_363591 (JIT enabled, AOT enabled)
J9VM - d56eb84
JIT  - tr.open_20170901_140853_d56eb84
OMR  - b033a01
BootLoader constants: OS=win32, ARCH=x86_64, WS=win32, NL=fr_FR
Command-line arguments:  -clean -nl fr_FR -configuration C:\Users\sever\_severine\travail\ponts\3A\MPRO\PPC\Projet-solveur\PPC\Mini projets\.metadata\workspace_oplrun

!ENTRY ilog.odms.ide.opllang.remote 1 0 2019-02-27 22:09:44.693
!MESSAGE Run Lot_Sizing in C:/Users/sever/_severine/travail/ponts/3A/MPRO/RODD/projets/RODD/Projet_Lot_Sizing
!SESSION 2019-02-27 22:10:10.498 -----------------------------------------------
eclipse.buildId=unknown
java.fullversion=8.0.5.0 - pwa6480sr5-20170905_01(SR5)
JRE 1.8.0 IBM J9 2.9 Windows 10 amd64-64 Compressed References 20170901_363591 (JIT enabled, AOT enabled)
J9VM - d56eb84
JIT  - tr.open_20170901_140853_d56eb84
OMR  - b033a01
BootLoader constants: OS=win32, ARCH=x86_64, WS=win32, NL=fr_FR
Command-line arguments:  -clean -nl fr_FR -configuration C:\Users\sever\_severine\travail\ponts\3A\MPRO\PPC\Projet-solveur\PPC\Mini projets\.metadata\workspace_oplrun

!ENTRY ilog.odms.ide.opllang.remote 1 0 2019-02-27 22:10:10.502
!MESSAGE Run Lot_Sizing in C:/Users/sever/_severine/travail/ponts/3A/MPRO/RODD/projets/RODD/Projet_Lot_Sizing
!SESSION 2019-02-27 22:10:28.966 -----------------------------------------------
eclipse.buildId=unknown
java.fullversion=8.0.5.0 - pwa6480sr5-20170905_01(SR5)
JRE 1.8.0 IBM J9 2.9 Windows 10 amd64-64 Compressed References 20170901_363591 (JIT enabled, AOT enabled)
J9VM - d56eb84
JIT  - tr.open_20170901_140853_d56eb84
OMR  - b033a01
BootLoader constants: OS=win32, ARCH=x86_64, WS=win32, NL=fr_FR
Command-line arguments:  -clean -nl fr_FR -configuration C:\Users\sever\_severine\travail\ponts\3A\MPRO\PPC\Projet-solveur\PPC\Mini projets\.metadata\workspace_oplrun

!ENTRY ilog.odms.ide.opllang.remote 1 0 2019-02-27 22:10:28.968
!MESSAGE Run Lot_Sizing in C:/Users/sever/_severine/travail/ponts/3A/MPRO/RODD/projets/RODD/Projet_Lot_Sizing
!SESSION 2019-02-27 22:10:54.857 -----------------------------------------------
eclipse.buildId=unknown
java.fullversion=8.0.5.0 - pwa6480sr5-20170905_01(SR5)
JRE 1.8.0 IBM J9 2.9 Windows 10 amd64-64 Compressed References 20170901_363591 (JIT enabled, AOT enabled)
J9VM - d56eb84
JIT  - tr.open_20170901_140853_d56eb84
OMR  - b033a01
BootLoader constants: OS=win32, ARCH=x86_64, WS=win32, NL=fr_FR
Command-line arguments:  -clean -nl fr_FR -configuration C:\Users\sever\_severine\travail\ponts\3A\MPRO\PPC\Projet-solveur\PPC\Mini projets\.metadata\workspace_oplrun

!ENTRY ilog.odms.ide.opllang.remote 1 0 2019-02-27 22:10:54.859
!MESSAGE Run Lot_Sizing in C:/Users/sever/_severine/travail/ponts/3A/MPRO/RODD/projets/RODD/Projet_Lot_Sizing
!SESSION 2019-02-27 22:11:29.199 -----------------------------------------------
eclipse.buildId=unknown
java.fullversion=8.0.5.0 - pwa6480sr5-20170905_01(SR5)
JRE 1.8.0 IBM J9 2.9 Windows 10 amd64-64 Compressed References 20170901_363591 (JIT enabled, AOT enabled)
J9VM - d56eb84
JIT  - tr.open_20170901_140853_d56eb84
OMR  - b033a01
BootLoader constants: OS=win32, ARCH=x86_64, WS=win32, NL=fr_FR
Command-line arguments:  -clean -nl fr_FR -configuration C:\Users\sever\_severine\travail\ponts\3A\MPRO\PPC\Projet-solveur\PPC\Mini projets\.metadata\workspace_oplrun

!ENTRY ilog.odms.ide.opllang.remote 1 0 2019-02-27 22:11:29.201
!MESSAGE Run Lot_Sizing in C:/Users/sever/_severine/travail/ponts/3A/MPRO/RODD/projets/RODD/Projet_Lot_Sizing
!SESSION 2019-02-27 22:11:47.299 -----------------------------------------------
eclipse.buildId=unknown
java.fullversion=8.0.5.0 - pwa6480sr5-20170905_01(SR5)
JRE 1.8.0 IBM J9 2.9 Windows 10 amd64-64 Compressed References 20170901_363591 (JIT enabled, AOT enabled)
J9VM - d56eb84
JIT  - tr.open_20170901_140853_d56eb84
OMR  - b033a01
BootLoader constants: OS=win32, ARCH=x86_64, WS=win32, NL=fr_FR
Command-line arguments:  -clean -nl fr_FR -configuration C:\Users\sever\_severine\travail\ponts\3A\MPRO\PPC\Projet-solveur\PPC\Mini projets\.metadata\workspace_oplrun

!ENTRY ilog.odms.ide.opllang.remote 1 0 2019-02-27 22:11:47.301
!MESSAGE Run Lot_Sizing in C:/Users/sever/_severine/travail/ponts/3A/MPRO/RODD/projets/RODD/Projet_Lot_Sizing
!SESSION 2019-02-27 22:12:03.675 -----------------------------------------------
eclipse.buildId=unknown
java.fullversion=8.0.5.0 - pwa6480sr5-20170905_01(SR5)
JRE 1.8.0 IBM J9 2.9 Windows 10 amd64-64 Compressed References 20170901_363591 (JIT enabled, AOT enabled)
J9VM - d56eb84
JIT  - tr.open_20170901_140853_d56eb84
OMR  - b033a01
BootLoader constants: OS=win32, ARCH=x86_64, WS=win32, NL=fr_FR
Command-line arguments:  -clean -nl fr_FR -configuration C:\Users\sever\_severine\travail\ponts\3A\MPRO\PPC\Projet-solveur\PPC\Mini projets\.metadata\workspace_oplrun

!ENTRY ilog.odms.ide.opllang.remote 1 0 2019-02-27 22:12:03.676
!MESSAGE Run Lot_Sizing in C:/Users/sever/_severine/travail/ponts/3A/MPRO/RODD/projets/RODD/Projet_Lot_Sizing
!SESSION 2019-02-27 22:13:24.204 -----------------------------------------------
eclipse.buildId=unknown
java.fullversion=8.0.5.0 - pwa6480sr5-20170905_01(SR5)
JRE 1.8.0 IBM J9 2.9 Windows 10 amd64-64 Compressed References 20170901_363591 (JIT enabled, AOT enabled)
J9VM - d56eb84
JIT  - tr.open_20170901_140853_d56eb84
OMR  - b033a01
BootLoader constants: OS=win32, ARCH=x86_64, WS=win32, NL=fr_FR
Command-line arguments:  -clean -nl fr_FR -configuration C:\Users\sever\_severine\travail\ponts\3A\MPRO\PPC\Projet-solveur\PPC\Mini projets\.metadata\workspace_oplrun

!ENTRY ilog.odms.ide.opllang.remote 1 0 2019-02-27 22:13:24.206
!MESSAGE Run Lot_Sizing in C:/Users/sever/_severine/travail/ponts/3A/MPRO/RODD/projets/RODD/Projet_Lot_Sizing
!SESSION 2019-02-27 22:13:52.807 -----------------------------------------------
eclipse.buildId=unknown
java.fullversion=8.0.5.0 - pwa6480sr5-20170905_01(SR5)
JRE 1.8.0 IBM J9 2.9 Windows 10 amd64-64 Compressed References 20170901_363591 (JIT enabled, AOT enabled)
J9VM - d56eb84
JIT  - tr.open_20170901_140853_d56eb84
OMR  - b033a01
BootLoader constants: OS=win32, ARCH=x86_64, WS=win32, NL=fr_FR
Command-line arguments:  -clean -nl fr_FR -configuration C:\Users\sever\_severine\travail\ponts\3A\MPRO\PPC\Projet-solveur\PPC\Mini projets\.metadata\workspace_oplrun

!ENTRY ilog.odms.ide.opllang.remote 1 0 2019-02-27 22:13:52.808
!MESSAGE Run Lot_Sizing in C:/Users/sever/_severine/travail/ponts/3A/MPRO/RODD/projets/RODD/Projet_Lot_Sizing
!SESSION 2019-02-27 22:15:12.403 -----------------------------------------------
eclipse.buildId=unknown
java.fullversion=8.0.5.0 - pwa6480sr5-20170905_01(SR5)
JRE 1.8.0 IBM J9 2.9 Windows 10 amd64-64 Compressed References 20170901_363591 (JIT enabled, AOT enabled)
J9VM - d56eb84
JIT  - tr.open_20170901_140853_d56eb84
OMR  - b033a01
BootLoader constants: OS=win32, ARCH=x86_64, WS=win32, NL=fr_FR
Command-line arguments:  -clean -nl fr_FR -configuration C:\Users\sever\_severine\travail\ponts\3A\MPRO\PPC\Projet-solveur\PPC\Mini projets\.metadata\workspace_oplrun

!ENTRY ilog.odms.ide.opllang.remote 1 0 2019-02-27 22:15:12.404
!MESSAGE Run Lot_Sizing in C:/Users/sever/_severine/travail/ponts/3A/MPRO/RODD/projets/RODD/Projet_Lot_Sizing
!SESSION 2019-02-27 22:23:09.430 -----------------------------------------------
eclipse.buildId=unknown
java.fullversion=8.0.5.0 - pwa6480sr5-20170905_01(SR5)
JRE 1.8.0 IBM J9 2.9 Windows 10 amd64-64 Compressed References 20170901_363591 (JIT enabled, AOT enabled)
J9VM - d56eb84
JIT  - tr.open_20170901_140853_d56eb84
OMR  - b033a01
BootLoader constants: OS=win32, ARCH=x86_64, WS=win32, NL=fr_FR
Command-line arguments:  -clean -nl fr_FR -configuration C:\Users\sever\_severine\travail\ponts\3A\MPRO\PPC\Projet-solveur\PPC\Mini projets\.metadata\workspace_oplrun

!ENTRY ilog.odms.ide.opllang.remote 1 0 2019-02-27 22:23:09.432
!MESSAGE Run Lot_Sizing in C:/Users/sever/_severine/travail/ponts/3A/MPRO/RODD/projets/RODD/Projet_Lot_Sizing
!SESSION 2019-02-27 22:43:39.189 -----------------------------------------------
eclipse.buildId=unknown
java.fullversion=8.0.5.0 - pwa6480sr5-20170905_01(SR5)
JRE 1.8.0 IBM J9 2.9 Windows 10 amd64-64 Compressed References 20170901_363591 (JIT enabled, AOT enabled)
J9VM - d56eb84
JIT  - tr.open_20170901_140853_d56eb84
OMR  - b033a01
BootLoader constants: OS=win32, ARCH=x86_64, WS=win32, NL=fr_FR
Command-line arguments:  -clean -nl fr_FR -configuration C:\Users\sever\_severine\travail\ponts\3A\MPRO\PPC\Projet-solveur\PPC\Mini projets\.metadata\workspace_oplrun

!ENTRY ilog.odms.ide.opllang.remote 1 0 2019-02-27 22:43:39.194
!MESSAGE Run Lot_Sizing in C:/Users/sever/_severine/travail/ponts/3A/MPRO/RODD/projets/RODD/Projet_Lot_Sizing

!ENTRY ilog.odms.ide.opllang.remote 4 0 2019-02-27 22:43:39.760
!MESSAGE load failed
!STACK 1
org.eclipse.core.runtime.CoreException: load failed
	at ilog.odms.ide.opllang.remote.IloOplRunConfigRunner.doSetUpModel(IloOplRunConfigRunner.java:146)
	at ilog.odms.ide.opllang.remote.IloOplRunConfigRunner.doRun(IloOplRunConfigRunner.java:374)
	at ilog.odms.ide.opllang.run.IloAbstractRunShell$2.run(IloAbstractRunShell.java:1587)
	at org.eclipse.core.internal.jobs.Worker.run(Worker.java:54)
Caused by: ilog.concert.IloException: Impossible de charger le modèle.
	at ilog.opl.opl_lang_wrapJNI.IloOplRunConfiguration_getCppOplModel(Native Method)
	at ilog.opl.IloOplRunConfiguration.getCppOplModel(IloOplRunConfiguration.java:226)
	at ilog.opl.IloOplRunConfiguration.getOplModel(IloOplRunConfiguration.java:116)
	at ilog.odms.ide.opllang.remote.IloOplRunConfigRunner.doSetUpModel(IloOplRunConfigRunner.java:140)
	... 3 more
!SUBENTRY 1 ilog.odms.ide.opllang.remote 4 0 2019-02-27 22:43:39.766
!MESSAGE load failed
!STACK 0
ilog.concert.IloException: Impossible de charger le modèle.
	at ilog.opl.opl_lang_wrapJNI.IloOplRunConfiguration_getCppOplModel(Native Method)
	at ilog.opl.IloOplRunConfiguration.getCppOplModel(IloOplRunConfiguration.java:226)
	at ilog.opl.IloOplRunConfiguration.getOplModel(IloOplRunConfiguration.java:116)
	at ilog.odms.ide.opllang.remote.IloOplRunConfigRunner.doSetUpModel(IloOplRunConfigRunner.java:140)
	at ilog.odms.ide.opllang.remote.IloOplRunConfigRunner.doRun(IloOplRunConfigRunner.java:374)
	at ilog.odms.ide.opllang.run.IloAbstractRunShell$2.run(IloAbstractRunShell.java:1587)
	at org.eclipse.core.internal.jobs.Worker.run(Worker.java:54)
!SESSION 2019-02-27 22:43:58.383 -----------------------------------------------
eclipse.buildId=unknown
java.fullversion=8.0.5.0 - pwa6480sr5-20170905_01(SR5)
JRE 1.8.0 IBM J9 2.9 Windows 10 amd64-64 Compressed References 20170901_363591 (JIT enabled, AOT enabled)
J9VM - d56eb84
JIT  - tr.open_20170901_140853_d56eb84
OMR  - b033a01
BootLoader constants: OS=win32, ARCH=x86_64, WS=win32, NL=fr_FR
Command-line arguments:  -clean -nl fr_FR -configuration C:\Users\sever\_severine\travail\ponts\3A\MPRO\PPC\Projet-solveur\PPC\Mini projets\.metadata\workspace_oplrun

!ENTRY ilog.odms.ide.opllang.remote 1 0 2019-02-27 22:43:58.385
!MESSAGE Run Lot_Sizing in C:/Users/sever/_severine/travail/ponts/3A/MPRO/RODD/projets/RODD/Projet_Lot_Sizing
!SESSION 2019-02-27 22:44:56.151 -----------------------------------------------
eclipse.buildId=unknown
java.fullversion=8.0.5.0 - pwa6480sr5-20170905_01(SR5)
JRE 1.8.0 IBM J9 2.9 Windows 10 amd64-64 Compressed References 20170901_363591 (JIT enabled, AOT enabled)
J9VM - d56eb84
JIT  - tr.open_20170901_140853_d56eb84
OMR  - b033a01
BootLoader constants: OS=win32, ARCH=x86_64, WS=win32, NL=fr_FR
Command-line arguments:  -clean -nl fr_FR -configuration C:\Users\sever\_severine\travail\ponts\3A\MPRO\PPC\Projet-solveur\PPC\Mini projets\.metadata\workspace_oplrun

!ENTRY ilog.odms.ide.opllang.remote 1 0 2019-02-27 22:44:56.153
!MESSAGE Run Lot_Sizing in C:/Users/sever/_severine/travail/ponts/3A/MPRO/RODD/projets/RODD/Projet_Lot_Sizing
!SESSION 2019-02-27 22:52:50.640 -----------------------------------------------
eclipse.buildId=unknown
java.fullversion=8.0.5.0 - pwa6480sr5-20170905_01(SR5)
JRE 1.8.0 IBM J9 2.9 Windows 10 amd64-64 Compressed References 20170901_363591 (JIT enabled, AOT enabled)
J9VM - d56eb84
JIT  - tr.open_20170901_140853_d56eb84
OMR  - b033a01
BootLoader constants: OS=win32, ARCH=x86_64, WS=win32, NL=fr_FR
Command-line arguments:  -clean -nl fr_FR -configuration C:\Users\sever\_severine\travail\ponts\3A\MPRO\PPC\Projet-solveur\PPC\Mini projets\.metadata\workspace_oplrun

!ENTRY ilog.odms.ide.opllang.remote 1 0 2019-02-27 22:52:50.642
!MESSAGE Run Lot_Sizing in C:/Users/sever/_severine/travail/ponts/3A/MPRO/RODD/projets/RODD/Projet_Lot_Sizing
!SESSION 2019-02-27 22:53:44.920 -----------------------------------------------
eclipse.buildId=unknown
java.fullversion=8.0.5.0 - pwa6480sr5-20170905_01(SR5)
JRE 1.8.0 IBM J9 2.9 Windows 10 amd64-64 Compressed References 20170901_363591 (JIT enabled, AOT enabled)
J9VM - d56eb84
JIT  - tr.open_20170901_140853_d56eb84
OMR  - b033a01
BootLoader constants: OS=win32, ARCH=x86_64, WS=win32, NL=fr_FR
Command-line arguments:  -clean -nl fr_FR -configuration C:\Users\sever\_severine\travail\ponts\3A\MPRO\PPC\Projet-solveur\PPC\Mini projets\.metadata\workspace_oplrun

!ENTRY ilog.odms.ide.opllang.remote 1 0 2019-02-27 22:53:44.922
!MESSAGE Run Lot_Sizing in C:/Users/sever/_severine/travail/ponts/3A/MPRO/RODD/projets/RODD/Projet_Lot_Sizing
!SESSION 2019-02-27 22:54:15.264 -----------------------------------------------
eclipse.buildId=unknown
java.fullversion=8.0.5.0 - pwa6480sr5-20170905_01(SR5)
JRE 1.8.0 IBM J9 2.9 Windows 10 amd64-64 Compressed References 20170901_363591 (JIT enabled, AOT enabled)
J9VM - d56eb84
JIT  - tr.open_20170901_140853_d56eb84
OMR  - b033a01
BootLoader constants: OS=win32, ARCH=x86_64, WS=win32, NL=fr_FR
Command-line arguments:  -clean -nl fr_FR -configuration C:\Users\sever\_severine\travail\ponts\3A\MPRO\PPC\Projet-solveur\PPC\Mini projets\.metadata\workspace_oplrun

!ENTRY ilog.odms.ide.opllang.remote 1 0 2019-02-27 22:54:15.265
!MESSAGE Run Lot_Sizing in C:/Users/sever/_severine/travail/ponts/3A/MPRO/RODD/projets/RODD/Projet_Lot_Sizing
!SESSION 2019-02-27 22:55:46.261 -----------------------------------------------
eclipse.buildId=unknown
java.fullversion=8.0.5.0 - pwa6480sr5-20170905_01(SR5)
JRE 1.8.0 IBM J9 2.9 Windows 10 amd64-64 Compressed References 20170901_363591 (JIT enabled, AOT enabled)
J9VM - d56eb84
JIT  - tr.open_20170901_140853_d56eb84
OMR  - b033a01
BootLoader constants: OS=win32, ARCH=x86_64, WS=win32, NL=fr_FR
Command-line arguments:  -clean -nl fr_FR -configuration C:\Users\sever\_severine\travail\ponts\3A\MPRO\PPC\Projet-solveur\PPC\Mini projets\.metadata\workspace_oplrun

!ENTRY ilog.odms.ide.opllang.remote 1 0 2019-02-27 22:55:46.263
!MESSAGE Run Lot_Sizing in C:/Users/sever/_severine/travail/ponts/3A/MPRO/RODD/projets/RODD/Projet_Lot_Sizing
!SESSION 2019-02-27 22:56:05.467 -----------------------------------------------
eclipse.buildId=unknown
java.fullversion=8.0.5.0 - pwa6480sr5-20170905_01(SR5)
JRE 1.8.0 IBM J9 2.9 Windows 10 amd64-64 Compressed References 20170901_363591 (JIT enabled, AOT enabled)
J9VM - d56eb84
JIT  - tr.open_20170901_140853_d56eb84
OMR  - b033a01
BootLoader constants: OS=win32, ARCH=x86_64, WS=win32, NL=fr_FR
Command-line arguments:  -clean -nl fr_FR -configuration C:\Users\sever\_severine\travail\ponts\3A\MPRO\PPC\Projet-solveur\PPC\Mini projets\.metadata\workspace_oplrun

!ENTRY ilog.odms.ide.opllang.remote 1 0 2019-02-27 22:56:05.468
!MESSAGE Run Lot_Sizing in C:/Users/sever/_severine/travail/ponts/3A/MPRO/RODD/projets/RODD/Projet_Lot_Sizing
!SESSION 2019-02-27 22:56:36.316 -----------------------------------------------
eclipse.buildId=unknown
java.fullversion=8.0.5.0 - pwa6480sr5-20170905_01(SR5)
JRE 1.8.0 IBM J9 2.9 Windows 10 amd64-64 Compressed References 20170901_363591 (JIT enabled, AOT enabled)
J9VM - d56eb84
JIT  - tr.open_20170901_140853_d56eb84
OMR  - b033a01
BootLoader constants: OS=win32, ARCH=x86_64, WS=win32, NL=fr_FR
Command-line arguments:  -clean -nl fr_FR -configuration C:\Users\sever\_severine\travail\ponts\3A\MPRO\PPC\Projet-solveur\PPC\Mini projets\.metadata\workspace_oplrun

!ENTRY ilog.odms.ide.opllang.remote 1 0 2019-02-27 22:56:36.318
!MESSAGE Run Lot_Sizing in C:/Users/sever/_severine/travail/ponts/3A/MPRO/RODD/projets/RODD/Projet_Lot_Sizing
!SESSION 2019-02-27 22:57:38.956 -----------------------------------------------
eclipse.buildId=unknown
java.fullversion=8.0.5.0 - pwa6480sr5-20170905_01(SR5)
JRE 1.8.0 IBM J9 2.9 Windows 10 amd64-64 Compressed References 20170901_363591 (JIT enabled, AOT enabled)
J9VM - d56eb84
JIT  - tr.open_20170901_140853_d56eb84
OMR  - b033a01
BootLoader constants: OS=win32, ARCH=x86_64, WS=win32, NL=fr_FR
Command-line arguments:  -clean -nl fr_FR -configuration C:\Users\sever\_severine\travail\ponts\3A\MPRO\PPC\Projet-solveur\PPC\Mini projets\.metadata\workspace_oplrun

!ENTRY ilog.odms.ide.opllang.remote 1 0 2019-02-27 22:57:38.957
!MESSAGE Run Lot_Sizing in C:/Users/sever/_severine/travail/ponts/3A/MPRO/RODD/projets/RODD/Projet_Lot_Sizing
!SESSION 2019-02-27 23:00:05.464 -----------------------------------------------
eclipse.buildId=unknown
java.fullversion=8.0.5.0 - pwa6480sr5-20170905_01(SR5)
JRE 1.8.0 IBM J9 2.9 Windows 10 amd64-64 Compressed References 20170901_363591 (JIT enabled, AOT enabled)
J9VM - d56eb84
JIT  - tr.open_20170901_140853_d56eb84
OMR  - b033a01
BootLoader constants: OS=win32, ARCH=x86_64, WS=win32, NL=fr_FR
Command-line arguments:  -clean -nl fr_FR -configuration C:\Users\sever\_severine\travail\ponts\3A\MPRO\PPC\Projet-solveur\PPC\Mini projets\.metadata\workspace_oplrun

!ENTRY ilog.odms.ide.opllang.remote 1 0 2019-02-27 23:00:05.466
!MESSAGE Run Lot_Sizing in C:/Users/sever/_severine/travail/ponts/3A/MPRO/RODD/projets/RODD/Projet_Lot_Sizing
!SESSION 2019-02-27 23:03:50.947 -----------------------------------------------
eclipse.buildId=unknown
java.fullversion=8.0.5.0 - pwa6480sr5-20170905_01(SR5)
JRE 1.8.0 IBM J9 2.9 Windows 10 amd64-64 Compressed References 20170901_363591 (JIT enabled, AOT enabled)
J9VM - d56eb84
JIT  - tr.open_20170901_140853_d56eb84
OMR  - b033a01
BootLoader constants: OS=win32, ARCH=x86_64, WS=win32, NL=fr_FR
Command-line arguments:  -clean -nl fr_FR -configuration C:\Users\sever\_severine\travail\ponts\3A\MPRO\PPC\Projet-solveur\PPC\Mini projets\.metadata\workspace_oplrun

!ENTRY ilog.odms.ide.opllang.remote 1 0 2019-02-27 23:03:50.950
!MESSAGE Run Lot_Sizing in C:/Users/sever/_severine/travail/ponts/3A/MPRO/RODD/projets/RODD/Projet_Lot_Sizing
!SESSION 2019-02-28 13:47:52.852 -----------------------------------------------
eclipse.buildId=unknown
java.fullversion=8.0.5.0 - pwa6480sr5-20170905_01(SR5)
JRE 1.8.0 IBM J9 2.9 Windows 10 amd64-64 Compressed References 20170901_363591 (JIT enabled, AOT enabled)
J9VM - d56eb84
JIT  - tr.open_20170901_140853_d56eb84
OMR  - b033a01
BootLoader constants: OS=win32, ARCH=x86_64, WS=win32, NL=fr_FR
Command-line arguments:  -clean -nl fr_FR -configuration C:\Users\sever\_severine\travail\ponts\3A\MPRO\PPC\Projet-solveur\PPC\Mini projets\.metadata\workspace_oplrun

!ENTRY ilog.odms.ide.opllang.remote 1 0 2019-02-28 13:47:52.853
!MESSAGE Run Lot_Sizing in C:/Users/sever/_severine/travail/ponts/3A/MPRO/RODD/projets/RODD/Projet_Lot_Sizing
!SESSION 2019-02-28 13:53:02.395 -----------------------------------------------
eclipse.buildId=unknown
java.fullversion=8.0.5.0 - pwa6480sr5-20170905_01(SR5)
JRE 1.8.0 IBM J9 2.9 Windows 10 amd64-64 Compressed References 20170901_363591 (JIT enabled, AOT enabled)
J9VM - d56eb84
JIT  - tr.open_20170901_140853_d56eb84
OMR  - b033a01
BootLoader constants: OS=win32, ARCH=x86_64, WS=win32, NL=fr_FR
Command-line arguments:  -clean -nl fr_FR -configuration C:\Users\sever\_severine\travail\ponts\3A\MPRO\PPC\Projet-solveur\PPC\Mini projets\.metadata\workspace_oplrun

!ENTRY ilog.odms.ide.opllang.remote 1 0 2019-02-28 13:53:02.396
!MESSAGE Run Lot_Sizing in C:/Users/sever/_severine/travail/ponts/3A/MPRO/RODD/projets/RODD/Projet_Lot_Sizing
!SESSION 2019-03-02 12:09:08.577 -----------------------------------------------
eclipse.buildId=unknown
java.fullversion=8.0.5.0 - pwa6480sr5-20170905_01(SR5)
JRE 1.8.0 IBM J9 2.9 Windows 10 amd64-64 Compressed References 20170901_363591 (JIT enabled, AOT enabled)
J9VM - d56eb84
JIT  - tr.open_20170901_140853_d56eb84
OMR  - b033a01
BootLoader constants: OS=win32, ARCH=x86_64, WS=win32, NL=fr_FR
Command-line arguments:  -clean -nl fr_FR -configuration C:\Users\sever\_severine\travail\ponts\3A\MPRO\PPC\Projet-solveur\PPC\Mini projets\.metadata\workspace_oplrun

!ENTRY ilog.odms.ide.opllang.remote 1 0 2019-03-02 12:09:08.579
!MESSAGE Run Lot_Sizing in C:/Users/sever/_severine/travail/ponts/3A/MPRO/RODD/projets/RODD/Projet_Lot_Sizing
!SESSION 2019-03-02 12:22:20.261 -----------------------------------------------
eclipse.buildId=unknown
java.fullversion=8.0.5.0 - pwa6480sr5-20170905_01(SR5)
JRE 1.8.0 IBM J9 2.9 Windows 10 amd64-64 Compressed References 20170901_363591 (JIT enabled, AOT enabled)
J9VM - d56eb84
JIT  - tr.open_20170901_140853_d56eb84
OMR  - b033a01
BootLoader constants: OS=win32, ARCH=x86_64, WS=win32, NL=fr_FR
Command-line arguments:  -clean -nl fr_FR -configuration C:\Users\sever\_severine\travail\ponts\3A\MPRO\PPC\Projet-solveur\PPC\Mini projets\.metadata\workspace_oplrun

!ENTRY ilog.odms.ide.opllang.remote 1 0 2019-03-02 12:22:20.262
!MESSAGE Run Lot_Sizing in C:/Users/sever/_severine/travail/ponts/3A/MPRO/RODD/projets/RODD/Projet_Lot_Sizing
!SESSION 2019-03-02 12:25:06.507 -----------------------------------------------
eclipse.buildId=unknown
java.fullversion=8.0.5.0 - pwa6480sr5-20170905_01(SR5)
JRE 1.8.0 IBM J9 2.9 Windows 10 amd64-64 Compressed References 20170901_363591 (JIT enabled, AOT enabled)
J9VM - d56eb84
JIT  - tr.open_20170901_140853_d56eb84
OMR  - b033a01
BootLoader constants: OS=win32, ARCH=x86_64, WS=win32, NL=fr_FR
Command-line arguments:  -clean -nl fr_FR -configuration C:\Users\sever\_severine\travail\ponts\3A\MPRO\PPC\Projet-solveur\PPC\Mini projets\.metadata\workspace_oplrun

!ENTRY ilog.odms.ide.opllang.remote 1 0 2019-03-02 12:25:06.510
!MESSAGE Run Lot_Sizing in C:/Users/sever/_severine/travail/ponts/3A/MPRO/RODD/projets/RODD/Projet_Lot_Sizing
!SESSION 2019-03-02 12:37:27.109 -----------------------------------------------
eclipse.buildId=unknown
java.fullversion=8.0.5.0 - pwa6480sr5-20170905_01(SR5)
JRE 1.8.0 IBM J9 2.9 Windows 10 amd64-64 Compressed References 20170901_363591 (JIT enabled, AOT enabled)
J9VM - d56eb84
JIT  - tr.open_20170901_140853_d56eb84
OMR  - b033a01
BootLoader constants: OS=win32, ARCH=x86_64, WS=win32, NL=fr_FR
Command-line arguments:  -clean -nl fr_FR -configuration C:\Users\sever\_severine\travail\ponts\3A\MPRO\PPC\Projet-solveur\PPC\Mini projets\.metadata\workspace_oplrun

!ENTRY ilog.odms.ide.opllang.remote 1 0 2019-03-02 12:37:27.111
!MESSAGE Run Lot_Sizing in C:/Users/sever/_severine/travail/ponts/3A/MPRO/RODD/projets/RODD/Projet_Lot_Sizing

!ENTRY ilog.odms.ide.opllang.remote 4 0 2019-03-02 12:37:27.325
!MESSAGE run failed
!STACK 0
ilog.concert.IloException: Echec du traitement.
	at ilog.opl.opl_lang_wrapJNI.IloOplModel_getModel(Native Method)
	at ilog.opl.IloOplModel.getModel(IloOplModel.java:561)
	at ilog.odms.ide.opllang.run.IloAbstractRunShell.loadModel(IloAbstractRunShell.java:1197)
	at ilog.odms.ide.opllang.remote.IloOplRunConfigRunner.doProcessModel(IloOplRunConfigRunner.java:156)
	at ilog.odms.ide.opllang.remote.IloOplRunConfigRunner.doRun(IloOplRunConfigRunner.java:377)
	at ilog.odms.ide.opllang.run.IloAbstractRunShell$2.run(IloAbstractRunShell.java:1587)
	at org.eclipse.core.internal.jobs.Worker.run(Worker.java:54)
!SESSION 2019-03-02 12:41:47.225 -----------------------------------------------
eclipse.buildId=unknown
java.fullversion=8.0.5.0 - pwa6480sr5-20170905_01(SR5)
JRE 1.8.0 IBM J9 2.9 Windows 10 amd64-64 Compressed References 20170901_363591 (JIT enabled, AOT enabled)
J9VM - d56eb84
JIT  - tr.open_20170901_140853_d56eb84
OMR  - b033a01
BootLoader constants: OS=win32, ARCH=x86_64, WS=win32, NL=fr_FR
Command-line arguments:  -clean -nl fr_FR -configuration C:\Users\sever\_severine\travail\ponts\3A\MPRO\PPC\Projet-solveur\PPC\Mini projets\.metadata\workspace_oplrun

!ENTRY ilog.odms.ide.opllang.remote 1 0 2019-03-02 12:41:47.228
!MESSAGE Run Lot_Sizing in C:/Users/sever/_severine/travail/ponts/3A/MPRO/RODD/projets/RODD/Projet_Lot_Sizing
!SESSION 2019-03-02 13:10:25.879 -----------------------------------------------
eclipse.buildId=unknown
java.fullversion=8.0.5.0 - pwa6480sr5-20170905_01(SR5)
JRE 1.8.0 IBM J9 2.9 Windows 10 amd64-64 Compressed References 20170901_363591 (JIT enabled, AOT enabled)
J9VM - d56eb84
JIT  - tr.open_20170901_140853_d56eb84
OMR  - b033a01
BootLoader constants: OS=win32, ARCH=x86_64, WS=win32, NL=fr_FR
Command-line arguments:  -clean -nl fr_FR -configuration C:\Users\sever\_severine\travail\ponts\3A\MPRO\PPC\Projet-solveur\PPC\Mini projets\.metadata\workspace_oplrun

!ENTRY ilog.odms.ide.opllang.remote 1 0 2019-03-02 13:10:25.881
!MESSAGE Run Lot_Sizing in C:/Users/sever/_severine/travail/ponts/3A/MPRO/RODD/projets/RODD/Projet_Lot_Sizing
!SESSION 2019-03-02 13:13:48.880 -----------------------------------------------
eclipse.buildId=unknown
java.fullversion=8.0.5.0 - pwa6480sr5-20170905_01(SR5)
JRE 1.8.0 IBM J9 2.9 Windows 10 amd64-64 Compressed References 20170901_363591 (JIT enabled, AOT enabled)
J9VM - d56eb84
JIT  - tr.open_20170901_140853_d56eb84
OMR  - b033a01
BootLoader constants: OS=win32, ARCH=x86_64, WS=win32, NL=fr_FR
Command-line arguments:  -clean -nl fr_FR -configuration C:\Users\sever\_severine\travail\ponts\3A\MPRO\PPC\Projet-solveur\PPC\Mini projets\.metadata\workspace_oplrun

!ENTRY ilog.odms.ide.opllang.remote 1 0 2019-03-02 13:13:48.882
!MESSAGE Run Lot_Sizing in C:/Users/sever/_severine/travail/ponts/3A/MPRO/RODD/projets/RODD/Projet_Lot_Sizing
!SESSION 2019-03-02 13:14:46.614 -----------------------------------------------
eclipse.buildId=unknown
java.fullversion=8.0.5.0 - pwa6480sr5-20170905_01(SR5)
JRE 1.8.0 IBM J9 2.9 Windows 10 amd64-64 Compressed References 20170901_363591 (JIT enabled, AOT enabled)
J9VM - d56eb84
JIT  - tr.open_20170901_140853_d56eb84
OMR  - b033a01
BootLoader constants: OS=win32, ARCH=x86_64, WS=win32, NL=fr_FR
Command-line arguments:  -clean -nl fr_FR -configuration C:\Users\sever\_severine\travail\ponts\3A\MPRO\PPC\Projet-solveur\PPC\Mini projets\.metadata\workspace_oplrun

!ENTRY ilog.odms.ide.opllang.remote 1 0 2019-03-02 13:14:46.616
!MESSAGE Run Lot_Sizing in C:/Users/sever/_severine/travail/ponts/3A/MPRO/RODD/projets/RODD/Projet_Lot_Sizing

!ENTRY ilog.odms.ide.opllang.remote 4 0 2019-03-02 13:48:14.477
!MESSAGE No OPL IDE for this oplrun

!ENTRY ilog.odms.ide.opllang 1 0 2019-03-02 13:48:30.643
!MESSAGE concert_wrap.IloEndMT

!ENTRY org.eclipse.core.jobs 2 2 2019-03-02 13:49:00.820
!MESSAGE Job found still running after platform shutdown.  Jobs should be canceled by the plugin that scheduled them during shutdown: ilog.odms.ide.opllang.remote.mbean.IloOplrunRemote$HeartBeatListenerJob

!ENTRY org.eclipse.core.jobs 2 2 2019-03-02 13:49:00.823
!MESSAGE Job found still running after platform shutdown.  Jobs should be canceled by the plugin that scheduled them during shutdown: ilog.odms.ide.opllang.run.IloAbstractRunShell$2

!ENTRY org.eclipse.core.jobs 2 2 2019-03-02 13:49:00.826
!MESSAGE Job found still running after platform shutdown.  Jobs should be canceled by the plugin that scheduled them during shutdown: ilog.odms.ide.opllang.remote.IloOplRunConfigRunner
!SESSION 2019-03-02 14:31:16.943 -----------------------------------------------
eclipse.buildId=unknown
java.fullversion=8.0.5.0 - pwa6480sr5-20170905_01(SR5)
JRE 1.8.0 IBM J9 2.9 Windows 10 amd64-64 Compressed References 20170901_363591 (JIT enabled, AOT enabled)
J9VM - d56eb84
JIT  - tr.open_20170901_140853_d56eb84
OMR  - b033a01
BootLoader constants: OS=win32, ARCH=x86_64, WS=win32, NL=fr_FR
Command-line arguments:  -clean -nl fr_FR -configuration C:\Users\sever\_severine\travail\ponts\3A\MPRO\PPC\Projet-solveur\PPC\Mini projets\.metadata\workspace_oplrun

!ENTRY ilog.odms.ide.opllang.remote 1 0 2019-03-02 14:31:16.944
!MESSAGE Run Lot_Sizing in C:/Users/sever/_severine/travail/ponts/3A/MPRO/RODD/projets/RODD/Projet_Lot_Sizing
!SESSION 2019-03-02 14:49:59.017 -----------------------------------------------
eclipse.buildId=unknown
java.fullversion=8.0.5.0 - pwa6480sr5-20170905_01(SR5)
JRE 1.8.0 IBM J9 2.9 Windows 10 amd64-64 Compressed References 20170901_363591 (JIT enabled, AOT enabled)
J9VM - d56eb84
JIT  - tr.open_20170901_140853_d56eb84
OMR  - b033a01
BootLoader constants: OS=win32, ARCH=x86_64, WS=win32, NL=fr_FR
Command-line arguments:  -clean -nl fr_FR -configuration C:\Users\sever\_severine\travail\ponts\3A\MPRO\PPC\Projet-solveur\PPC\Mini projets\.metadata\workspace_oplrun

!ENTRY ilog.odms.ide.opllang.remote 1 0 2019-03-02 14:49:59.020
!MESSAGE Run Lot_Sizing in C:/Users/sever/_severine/travail/ponts/3A/MPRO/RODD/projets/RODD/Projet_Lot_Sizing
!SESSION 2019-03-02 14:50:36.843 -----------------------------------------------
eclipse.buildId=unknown
java.fullversion=8.0.5.0 - pwa6480sr5-20170905_01(SR5)
JRE 1.8.0 IBM J9 2.9 Windows 10 amd64-64 Compressed References 20170901_363591 (JIT enabled, AOT enabled)
J9VM - d56eb84
JIT  - tr.open_20170901_140853_d56eb84
OMR  - b033a01
BootLoader constants: OS=win32, ARCH=x86_64, WS=win32, NL=fr_FR
Command-line arguments:  -clean -nl fr_FR -configuration C:\Users\sever\_severine\travail\ponts\3A\MPRO\PPC\Projet-solveur\PPC\Mini projets\.metadata\workspace_oplrun

!ENTRY ilog.odms.ide.opllang.remote 1 0 2019-03-02 14:50:36.844
!MESSAGE Run Lot_Sizing in C:/Users/sever/_severine/travail/ponts/3A/MPRO/RODD/projets/RODD/Projet_Lot_Sizing
!SESSION 2019-03-02 14:52:39.463 -----------------------------------------------
eclipse.buildId=unknown
java.fullversion=8.0.5.0 - pwa6480sr5-20170905_01(SR5)
JRE 1.8.0 IBM J9 2.9 Windows 10 amd64-64 Compressed References 20170901_363591 (JIT enabled, AOT enabled)
J9VM - d56eb84
JIT  - tr.open_20170901_140853_d56eb84
OMR  - b033a01
BootLoader constants: OS=win32, ARCH=x86_64, WS=win32, NL=fr_FR
Command-line arguments:  -clean -nl fr_FR -configuration C:\Users\sever\_severine\travail\ponts\3A\MPRO\PPC\Projet-solveur\PPC\Mini projets\.metadata\workspace_oplrun

!ENTRY ilog.odms.ide.opllang.remote 1 0 2019-03-02 14:52:39.464
!MESSAGE Run Lot_Sizing in C:/Users/sever/_severine/travail/ponts/3A/MPRO/RODD/projets/RODD/Projet_Lot_Sizing
!SESSION 2019-03-02 14:53:44.664 -----------------------------------------------
eclipse.buildId=unknown
java.fullversion=8.0.5.0 - pwa6480sr5-20170905_01(SR5)
JRE 1.8.0 IBM J9 2.9 Windows 10 amd64-64 Compressed References 20170901_363591 (JIT enabled, AOT enabled)
J9VM - d56eb84
JIT  - tr.open_20170901_140853_d56eb84
OMR  - b033a01
BootLoader constants: OS=win32, ARCH=x86_64, WS=win32, NL=fr_FR
Command-line arguments:  -clean -nl fr_FR -configuration C:\Users\sever\_severine\travail\ponts\3A\MPRO\PPC\Projet-solveur\PPC\Mini projets\.metadata\workspace_oplrun

!ENTRY ilog.odms.ide.opllang.remote 1 0 2019-03-02 14:53:44.687
!MESSAGE Run Lot_Sizing in C:/Users/sever/_severine/travail/ponts/3A/MPRO/RODD/projets/RODD/Projet_Lot_Sizing
!SESSION 2019-03-02 15:07:19.889 -----------------------------------------------
eclipse.buildId=unknown
java.fullversion=8.0.5.0 - pwa6480sr5-20170905_01(SR5)
JRE 1.8.0 IBM J9 2.9 Windows 10 amd64-64 Compressed References 20170901_363591 (JIT enabled, AOT enabled)
J9VM - d56eb84
JIT  - tr.open_20170901_140853_d56eb84
OMR  - b033a01
BootLoader constants: OS=win32, ARCH=x86_64, WS=win32, NL=fr_FR
Command-line arguments:  -clean -nl fr_FR -configuration C:\Users\sever\_severine\travail\ponts\3A\MPRO\PPC\Projet-solveur\PPC\Mini projets\.metadata\workspace_oplrun

!ENTRY ilog.odms.ide.opllang.remote 1 0 2019-03-02 15:07:19.890
!MESSAGE Run Lot_Sizing in C:/Users/sever/_severine/travail/ponts/3A/MPRO/RODD/projets/RODD/Projet_Lot_Sizing
!SESSION 2019-03-02 15:11:50.139 -----------------------------------------------
eclipse.buildId=unknown
java.fullversion=8.0.5.0 - pwa6480sr5-20170905_01(SR5)
JRE 1.8.0 IBM J9 2.9 Windows 10 amd64-64 Compressed References 20170901_363591 (JIT enabled, AOT enabled)
J9VM - d56eb84
JIT  - tr.open_20170901_140853_d56eb84
OMR  - b033a01
BootLoader constants: OS=win32, ARCH=x86_64, WS=win32, NL=fr_FR
Command-line arguments:  -clean -nl fr_FR -configuration C:\Users\sever\_severine\travail\ponts\3A\MPRO\PPC\Projet-solveur\PPC\Mini projets\.metadata\workspace_oplrun

!ENTRY ilog.odms.ide.opllang.remote 1 0 2019-03-02 15:11:50.140
!MESSAGE Run Lot_Sizing in C:/Users/sever/_severine/travail/ponts/3A/MPRO/RODD/projets/RODD/Projet_Lot_Sizing
!SESSION 2019-03-02 15:30:20.312 -----------------------------------------------
eclipse.buildId=unknown
java.fullversion=8.0.5.0 - pwa6480sr5-20170905_01(SR5)
JRE 1.8.0 IBM J9 2.9 Windows 10 amd64-64 Compressed References 20170901_363591 (JIT enabled, AOT enabled)
J9VM - d56eb84
JIT  - tr.open_20170901_140853_d56eb84
OMR  - b033a01
BootLoader constants: OS=win32, ARCH=x86_64, WS=win32, NL=fr_FR
Command-line arguments:  -clean -nl fr_FR -configuration C:\Users\sever\_severine\travail\ponts\3A\MPRO\PPC\Projet-solveur\PPC\Mini projets\.metadata\workspace_oplrun

!ENTRY ilog.odms.ide.opllang.remote 1 0 2019-03-02 15:30:20.314
!MESSAGE Run Configuration 1 in C:/Users/sever/_severine/travail/ponts/3A/MPRO/PPC/Projet-solveur/PPC/Mini projets/Tournoi echecs
!SESSION 2019-03-02 15:32:55.678 -----------------------------------------------
eclipse.buildId=unknown
java.fullversion=8.0.5.0 - pwa6480sr5-20170905_01(SR5)
JRE 1.8.0 IBM J9 2.9 Windows 10 amd64-64 Compressed References 20170901_363591 (JIT enabled, AOT enabled)
J9VM - d56eb84
JIT  - tr.open_20170901_140853_d56eb84
OMR  - b033a01
BootLoader constants: OS=win32, ARCH=x86_64, WS=win32, NL=fr_FR
Command-line arguments:  -clean -nl fr_FR -configuration C:\Users\sever\_severine\travail\ponts\3A\MPRO\PPC\Projet-solveur\PPC\Mini projets\.metadata\workspace_oplrun

!ENTRY ilog.odms.ide.opllang.remote 1 0 2019-03-02 15:32:55.680
!MESSAGE Run Configuration 1 in C:/Users/sever/_severine/travail/ponts/3A/MPRO/PPC/Projet-solveur/PPC/Mini projets/Tournoi echecs
